2021-09-24 14:54:21,434 - mmseg - INFO - Environment info:
------------------------------------------------------------
sys.platform: linux
Python: 3.8.10 (default, Jun  4 2021, 15:09:15) [GCC 7.5.0]
CUDA available: True
GPU 0: Tesla V100-SXM2-32GB
CUDA_HOME: /mnt/cache/share/polaris/dep/cuda-9.0-cudnn7.6.5
GCC: gcc (GCC) 5.4.0
PyTorch: 1.8.0
PyTorch compiling details: PyTorch built with:
  - GCC 7.3
  - C++ Version: 201402
  - Intel(R) oneAPI Math Kernel Library Version 2021.2-Product Build 20210312 for Intel(R) 64 architecture applications
  - Intel(R) MKL-DNN v1.7.0 (Git Hash 7aed236906b1f7a05c0917e5257a1af05e9ff683)
  - OpenMP 201511 (a.k.a. OpenMP 4.5)
  - NNPACK is enabled
  - CPU capability usage: AVX2
  - CUDA Runtime 10.2
  - NVCC architecture flags: -gencode;arch=compute_37,code=sm_37;-gencode;arch=compute_50,code=sm_50;-gencode;arch=compute_60,code=sm_60;-gencode;arch=compute_61,code=sm_61;-gencode;arch=compute_70,code=sm_70;-gencode;arch=compute_75,code=sm_75;-gencode;arch=compute_37,code=compute_37
  - CuDNN 7.6.5
  - Magma 2.5.2
  - Build settings: BLAS_INFO=mkl, BUILD_TYPE=Release, CUDA_VERSION=10.2, CUDNN_VERSION=7.6.5, CXX_COMPILER=/opt/rh/devtoolset-7/root/usr/bin/c++, CXX_FLAGS= -Wno-deprecated -fvisibility-inlines-hidden -DUSE_PTHREADPOOL -fopenmp -DNDEBUG -DUSE_KINETO -DUSE_FBGEMM -DUSE_QNNPACK -DUSE_PYTORCH_QNNPACK -DUSE_XNNPACK -O2 -fPIC -Wno-narrowing -Wall -Wextra -Werror=return-type -Wno-missing-field-initializers -Wno-type-limits -Wno-array-bounds -Wno-unknown-pragmas -Wno-sign-compare -Wno-unused-parameter -Wno-unused-variable -Wno-unused-function -Wno-unused-result -Wno-unused-local-typedefs -Wno-strict-overflow -Wno-strict-aliasing -Wno-error=deprecated-declarations -Wno-stringop-overflow -Wno-psabi -Wno-error=pedantic -Wno-error=redundant-decls -Wno-error=old-style-cast -fdiagnostics-color=always -faligned-new -Wno-unused-but-set-variable -Wno-maybe-uninitialized -fno-math-errno -fno-trapping-math -Werror=format -Wno-stringop-overflow, LAPACK_INFO=mkl, PERF_WITH_AVX=1, PERF_WITH_AVX2=1, PERF_WITH_AVX512=1, TORCH_VERSION=1.8.0, USE_CUDA=ON, USE_CUDNN=ON, USE_EXCEPTION_PTR=1, USE_GFLAGS=OFF, USE_GLOG=OFF, USE_MKL=ON, USE_MKLDNN=ON, USE_MPI=OFF, USE_NCCL=ON, USE_NNPACK=ON, USE_OPENMP=ON, 

TorchVision: 0.9.0
OpenCV: 4.5.3
MMCV: 1.3.8
MMCV Compiler: GCC 7.3
MMCV CUDA Compiler: 10.2
MMSegmentation: 0.16.0+298142e
------------------------------------------------------------

2021-09-24 14:54:21,442 - mmseg - INFO - Distributed training: True
2021-09-24 14:54:21,709 - mmseg - INFO - Config:
norm_cfg = dict(type='SyncBN', requires_grad=True)
model = dict(
    type='EncoderDecoder',
    pretrained=None,
    backbone=dict(
        type='UNet',
        in_channels=3,
        base_channels=64,
        num_stages=5,
        strides=(1, 1, 1, 1, 1),
        enc_num_convs=(2, 2, 2, 2, 2),
        dec_num_convs=(2, 2, 2, 2),
        downsamples=(True, True, True, True),
        enc_dilations=(1, 1, 1, 1, 1),
        dec_dilations=(1, 1, 1, 1),
        with_cp=False,
        conv_cfg=None,
        norm_cfg=dict(type='SyncBN', requires_grad=True),
        act_cfg=dict(type='ReLU'),
        upsample_cfg=dict(type='InterpConv'),
        norm_eval=False),
    decode_head=dict(
        type='ASPPHead',
        in_channels=64,
        in_index=4,
        channels=16,
        dilations=(1, 12, 24, 36),
        dropout_ratio=0.1,
        num_classes=19,
        norm_cfg=dict(type='SyncBN', requires_grad=True),
        align_corners=False,
        loss_decode=dict(
            type='CrossEntropyLoss', use_sigmoid=False, loss_weight=1.0)),
    auxiliary_head=dict(
        type='FCNHead',
        in_channels=128,
        in_index=3,
        channels=64,
        num_convs=1,
        concat_input=False,
        dropout_ratio=0.1,
        num_classes=19,
        norm_cfg=dict(type='SyncBN', requires_grad=True),
        align_corners=False,
        loss_decode=dict(
            type='CrossEntropyLoss', use_sigmoid=False, loss_weight=0.4)),
    train_cfg=dict(),
    test_cfg=dict(mode='whole'))
dataset_type = 'CityscapesDataset'
data_root = 'data/cityscapes/'
img_norm_cfg = dict(
    mean=[123.675, 116.28, 103.53], std=[58.395, 57.12, 57.375], to_rgb=True)
crop_size = (512, 1024)
train_pipeline = [
    dict(type='LoadImageFromFile'),
    dict(type='LoadAnnotations'),
    dict(type='Resize', img_scale=(2048, 1024), ratio_range=(0.5, 2.0)),
    dict(type='RandomCrop', crop_size=(512, 1024), cat_max_ratio=0.75),
    dict(type='RandomFlip', prob=0.5),
    dict(type='PhotoMetricDistortion'),
    dict(
        type='Normalize',
        mean=[123.675, 116.28, 103.53],
        std=[58.395, 57.12, 57.375],
        to_rgb=True),
    dict(type='Pad', size=(512, 1024), pad_val=0, seg_pad_val=255),
    dict(type='DefaultFormatBundle'),
    dict(type='Collect', keys=['img', 'gt_semantic_seg'])
]
test_pipeline = [
    dict(type='LoadImageFromFile'),
    dict(
        type='MultiScaleFlipAug',
        img_scale=(2048, 1024),
        flip=False,
        transforms=[
            dict(type='Resize', keep_ratio=True),
            dict(type='RandomFlip'),
            dict(
                type='Normalize',
                mean=[123.675, 116.28, 103.53],
                std=[58.395, 57.12, 57.375],
                to_rgb=True),
            dict(type='ImageToTensor', keys=['img']),
            dict(type='Collect', keys=['img'])
        ])
]
data = dict(
    samples_per_gpu=2,
    workers_per_gpu=2,
    train=dict(
        type='CityscapesDataset',
        data_root='data/cityscapes/',
        img_dir='leftImg8bit/train',
        ann_dir='gtFine/train',
        pipeline=[
            dict(type='LoadImageFromFile'),
            dict(type='LoadAnnotations'),
            dict(
                type='Resize', img_scale=(2048, 1024), ratio_range=(0.5, 2.0)),
            dict(type='RandomCrop', crop_size=(512, 1024), cat_max_ratio=0.75),
            dict(type='RandomFlip', prob=0.5),
            dict(type='PhotoMetricDistortion'),
            dict(
                type='Normalize',
                mean=[123.675, 116.28, 103.53],
                std=[58.395, 57.12, 57.375],
                to_rgb=True),
            dict(type='Pad', size=(512, 1024), pad_val=0, seg_pad_val=255),
            dict(type='DefaultFormatBundle'),
            dict(type='Collect', keys=['img', 'gt_semantic_seg'])
        ]),
    val=dict(
        type='CityscapesDataset',
        data_root='data/cityscapes/',
        img_dir='leftImg8bit/val',
        ann_dir='gtFine/val',
        pipeline=[
            dict(type='LoadImageFromFile'),
            dict(
                type='MultiScaleFlipAug',
                img_scale=(2048, 1024),
                flip=False,
                transforms=[
                    dict(type='Resize', keep_ratio=True),
                    dict(type='RandomFlip'),
                    dict(
                        type='Normalize',
                        mean=[123.675, 116.28, 103.53],
                        std=[58.395, 57.12, 57.375],
                        to_rgb=True),
                    dict(type='ImageToTensor', keys=['img']),
                    dict(type='Collect', keys=['img'])
                ])
        ]),
    test=dict(
        type='CityscapesDataset',
        data_root='data/cityscapes/',
        img_dir='leftImg8bit/val',
        ann_dir='gtFine/val',
        pipeline=[
            dict(type='LoadImageFromFile'),
            dict(
                type='MultiScaleFlipAug',
                img_scale=(2048, 1024),
                flip=False,
                transforms=[
                    dict(type='Resize', keep_ratio=True),
                    dict(type='RandomFlip'),
                    dict(
                        type='Normalize',
                        mean=[123.675, 116.28, 103.53],
                        std=[58.395, 57.12, 57.375],
                        to_rgb=True),
                    dict(type='ImageToTensor', keys=['img']),
                    dict(type='Collect', keys=['img'])
                ])
        ]))
log_config = dict(
    interval=50, hooks=[dict(type='TextLoggerHook', by_epoch=False)])
dist_params = dict(backend='nccl')
log_level = 'INFO'
load_from = None
resume_from = None
workflow = [('train', 500), ('val', 500)]
cudnn_benchmark = True
optimizer = dict(type='SGD', lr=0.01, momentum=0.9, weight_decay=0.0005)
optimizer_config = dict()
lr_config = dict(policy='poly', power=0.9, min_lr=0.0001, by_epoch=False)
runner = dict(type='IterBasedRunner', max_iters=320000)
checkpoint_config = dict(by_epoch=False, interval=32000)
evaluation = dict(interval=32000, metric='mIoU', pre_eval=True)
work_dir = './work_dirs/deeplabv3_unet_s5-d16_512x1024_320k_cityscapes'
gpu_ids = range(0, 1)

2021-09-24 14:54:21,709 - mmseg - INFO - Set random seed to 0, deterministic: False
2021-09-24 14:54:24,085 - mmseg - INFO - EncoderDecoder(
  (backbone): UNet(
    (encoder): ModuleList(
      (0): Sequential(
        (0): BasicConvBlock(
          (convs): Sequential(
            (0): ConvModule(
              (conv): Conv2d(3, 64, kernel_size=(3, 3), stride=(1, 1), padding=(1, 1), bias=False)
              (bn): SyncBatchNorm(64, eps=1e-05, momentum=0.1, affine=True, track_running_stats=True)
              (activate): ReLU(inplace=True)
            )
            (1): ConvModule(
              (conv): Conv2d(64, 64, kernel_size=(3, 3), stride=(1, 1), padding=(1, 1), bias=False)
              (bn): SyncBatchNorm(64, eps=1e-05, momentum=0.1, affine=True, track_running_stats=True)
              (activate): ReLU(inplace=True)
            )
          )
        )
      )
      (1): Sequential(
        (0): MaxPool2d(kernel_size=2, stride=2, padding=0, dilation=1, ceil_mode=False)
        (1): BasicConvBlock(
          (convs): Sequential(
            (0): ConvModule(
              (conv): Conv2d(64, 128, kernel_size=(3, 3), stride=(1, 1), padding=(1, 1), bias=False)
              (bn): SyncBatchNorm(128, eps=1e-05, momentum=0.1, affine=True, track_running_stats=True)
              (activate): ReLU(inplace=True)
            )
            (1): ConvModule(
              (conv): Conv2d(128, 128, kernel_size=(3, 3), stride=(1, 1), padding=(1, 1), bias=False)
              (bn): SyncBatchNorm(128, eps=1e-05, momentum=0.1, affine=True, track_running_stats=True)
              (activate): ReLU(inplace=True)
            )
          )
        )
      )
      (2): Sequential(
        (0): MaxPool2d(kernel_size=2, stride=2, padding=0, dilation=1, ceil_mode=False)
        (1): BasicConvBlock(
          (convs): Sequential(
            (0): ConvModule(
              (conv): Conv2d(128, 256, kernel_size=(3, 3), stride=(1, 1), padding=(1, 1), bias=False)
              (bn): SyncBatchNorm(256, eps=1e-05, momentum=0.1, affine=True, track_running_stats=True)
              (activate): ReLU(inplace=True)
            )
            (1): ConvModule(
              (conv): Conv2d(256, 256, kernel_size=(3, 3), stride=(1, 1), padding=(1, 1), bias=False)
              (bn): SyncBatchNorm(256, eps=1e-05, momentum=0.1, affine=True, track_running_stats=True)
              (activate): ReLU(inplace=True)
            )
          )
        )
      )
      (3): Sequential(
        (0): MaxPool2d(kernel_size=2, stride=2, padding=0, dilation=1, ceil_mode=False)
        (1): BasicConvBlock(
          (convs): Sequential(
            (0): ConvModule(
              (conv): Conv2d(256, 512, kernel_size=(3, 3), stride=(1, 1), padding=(1, 1), bias=False)
              (bn): SyncBatchNorm(512, eps=1e-05, momentum=0.1, affine=True, track_running_stats=True)
              (activate): ReLU(inplace=True)
            )
            (1): ConvModule(
              (conv): Conv2d(512, 512, kernel_size=(3, 3), stride=(1, 1), padding=(1, 1), bias=False)
              (bn): SyncBatchNorm(512, eps=1e-05, momentum=0.1, affine=True, track_running_stats=True)
              (activate): ReLU(inplace=True)
            )
          )
        )
      )
      (4): Sequential(
        (0): MaxPool2d(kernel_size=2, stride=2, padding=0, dilation=1, ceil_mode=False)
        (1): BasicConvBlock(
          (convs): Sequential(
            (0): ConvModule(
              (conv): Conv2d(512, 1024, kernel_size=(3, 3), stride=(1, 1), padding=(1, 1), bias=False)
              (bn): SyncBatchNorm(1024, eps=1e-05, momentum=0.1, affine=True, track_running_stats=True)
              (activate): ReLU(inplace=True)
            )
            (1): ConvModule(
              (conv): Conv2d(1024, 1024, kernel_size=(3, 3), stride=(1, 1), padding=(1, 1), bias=False)
              (bn): SyncBatchNorm(1024, eps=1e-05, momentum=0.1, affine=True, track_running_stats=True)
              (activate): ReLU(inplace=True)
            )
          )
        )
      )
    )
    (decoder): ModuleList(
      (0): UpConvBlock(
        (conv_block): BasicConvBlock(
          (convs): Sequential(
            (0): ConvModule(
              (conv): Conv2d(128, 64, kernel_size=(3, 3), stride=(1, 1), padding=(1, 1), bias=False)
              (bn): SyncBatchNorm(64, eps=1e-05, momentum=0.1, affine=True, track_running_stats=True)
              (activate): ReLU(inplace=True)
            )
            (1): ConvModule(
              (conv): Conv2d(64, 64, kernel_size=(3, 3), stride=(1, 1), padding=(1, 1), bias=False)
              (bn): SyncBatchNorm(64, eps=1e-05, momentum=0.1, affine=True, track_running_stats=True)
              (activate): ReLU(inplace=True)
            )
          )
        )
        (upsample): InterpConv(
          (interp_upsample): Sequential(
            (0): Upsample()
            (1): ConvModule(
              (conv): Conv2d(128, 64, kernel_size=(1, 1), stride=(1, 1), bias=False)
              (bn): SyncBatchNorm(64, eps=1e-05, momentum=0.1, affine=True, track_running_stats=True)
              (activate): ReLU(inplace=True)
            )
          )
        )
      )
      (1): UpConvBlock(
        (conv_block): BasicConvBlock(
          (convs): Sequential(
            (0): ConvModule(
              (conv): Conv2d(256, 128, kernel_size=(3, 3), stride=(1, 1), padding=(1, 1), bias=False)
              (bn): SyncBatchNorm(128, eps=1e-05, momentum=0.1, affine=True, track_running_stats=True)
              (activate): ReLU(inplace=True)
            )
            (1): ConvModule(
              (conv): Conv2d(128, 128, kernel_size=(3, 3), stride=(1, 1), padding=(1, 1), bias=False)
              (bn): SyncBatchNorm(128, eps=1e-05, momentum=0.1, affine=True, track_running_stats=True)
              (activate): ReLU(inplace=True)
            )
          )
        )
        (upsample): InterpConv(
          (interp_upsample): Sequential(
            (0): Upsample()
            (1): ConvModule(
              (conv): Conv2d(256, 128, kernel_size=(1, 1), stride=(1, 1), bias=False)
              (bn): SyncBatchNorm(128, eps=1e-05, momentum=0.1, affine=True, track_running_stats=True)
              (activate): ReLU(inplace=True)
            )
          )
        )
      )
      (2): UpConvBlock(
        (conv_block): BasicConvBlock(
          (convs): Sequential(
            (0): ConvModule(
              (conv): Conv2d(512, 256, kernel_size=(3, 3), stride=(1, 1), padding=(1, 1), bias=False)
              (bn): SyncBatchNorm(256, eps=1e-05, momentum=0.1, affine=True, track_running_stats=True)
              (activate): ReLU(inplace=True)
            )
            (1): ConvModule(
              (conv): Conv2d(256, 256, kernel_size=(3, 3), stride=(1, 1), padding=(1, 1), bias=False)
              (bn): SyncBatchNorm(256, eps=1e-05, momentum=0.1, affine=True, track_running_stats=True)
              (activate): ReLU(inplace=True)
            )
          )
        )
        (upsample): InterpConv(
          (interp_upsample): Sequential(
            (0): Upsample()
            (1): ConvModule(
              (conv): Conv2d(512, 256, kernel_size=(1, 1), stride=(1, 1), bias=False)
              (bn): SyncBatchNorm(256, eps=1e-05, momentum=0.1, affine=True, track_running_stats=True)
              (activate): ReLU(inplace=True)
            )
          )
        )
      )
      (3): UpConvBlock(
        (conv_block): BasicConvBlock(
          (convs): Sequential(
            (0): ConvModule(
              (conv): Conv2d(1024, 512, kernel_size=(3, 3), stride=(1, 1), padding=(1, 1), bias=False)
              (bn): SyncBatchNorm(512, eps=1e-05, momentum=0.1, affine=True, track_running_stats=True)
              (activate): ReLU(inplace=True)
            )
            (1): ConvModule(
              (conv): Conv2d(512, 512, kernel_size=(3, 3), stride=(1, 1), padding=(1, 1), bias=False)
              (bn): SyncBatchNorm(512, eps=1e-05, momentum=0.1, affine=True, track_running_stats=True)
              (activate): ReLU(inplace=True)
            )
          )
        )
        (upsample): InterpConv(
          (interp_upsample): Sequential(
            (0): Upsample()
            (1): ConvModule(
              (conv): Conv2d(1024, 512, kernel_size=(1, 1), stride=(1, 1), bias=False)
              (bn): SyncBatchNorm(512, eps=1e-05, momentum=0.1, affine=True, track_running_stats=True)
              (activate): ReLU(inplace=True)
            )
          )
        )
      )
    )
  )
  init_cfg=[{'type': 'Kaiming', 'layer': 'Conv2d'}, {'type': 'Constant', 'val': 1, 'layer': ['_BatchNorm', 'GroupNorm']}]
  (decode_head): ASPPHead(
    input_transform=None, ignore_index=255, align_corners=False
    (loss_decode): CrossEntropyLoss()
    (conv_seg): Conv2d(16, 19, kernel_size=(1, 1), stride=(1, 1))
    (dropout): Dropout2d(p=0.1, inplace=False)
    (image_pool): Sequential(
      (0): AdaptiveAvgPool2d(output_size=1)
      (1): ConvModule(
        (conv): Conv2d(64, 16, kernel_size=(1, 1), stride=(1, 1), bias=False)
        (bn): SyncBatchNorm(16, eps=1e-05, momentum=0.1, affine=True, track_running_stats=True)
        (activate): ReLU(inplace=True)
      )
    )
    (aspp_modules): ASPPModule(
      (0): ConvModule(
        (conv): Conv2d(64, 16, kernel_size=(1, 1), stride=(1, 1), bias=False)
        (bn): SyncBatchNorm(16, eps=1e-05, momentum=0.1, affine=True, track_running_stats=True)
        (activate): ReLU(inplace=True)
      )
      (1): ConvModule(
        (conv): Conv2d(64, 16, kernel_size=(3, 3), stride=(1, 1), padding=(12, 12), dilation=(12, 12), bias=False)
        (bn): SyncBatchNorm(16, eps=1e-05, momentum=0.1, affine=True, track_running_stats=True)
        (activate): ReLU(inplace=True)
      )
      (2): ConvModule(
        (conv): Conv2d(64, 16, kernel_size=(3, 3), stride=(1, 1), padding=(24, 24), dilation=(24, 24), bias=False)
        (bn): SyncBatchNorm(16, eps=1e-05, momentum=0.1, affine=True, track_running_stats=True)
        (activate): ReLU(inplace=True)
      )
      (3): ConvModule(
        (conv): Conv2d(64, 16, kernel_size=(3, 3), stride=(1, 1), padding=(36, 36), dilation=(36, 36), bias=False)
        (bn): SyncBatchNorm(16, eps=1e-05, momentum=0.1, affine=True, track_running_stats=True)
        (activate): ReLU(inplace=True)
      )
    )
    (bottleneck): ConvModule(
      (conv): Conv2d(80, 16, kernel_size=(3, 3), stride=(1, 1), padding=(1, 1), bias=False)
      (bn): SyncBatchNorm(16, eps=1e-05, momentum=0.1, affine=True, track_running_stats=True)
      (activate): ReLU(inplace=True)
    )
  )
  init_cfg={'type': 'Normal', 'std': 0.01, 'override': {'name': 'conv_seg'}}
  (auxiliary_head): FCNHead(
    input_transform=None, ignore_index=255, align_corners=False
    (loss_decode): CrossEntropyLoss()
    (conv_seg): Conv2d(64, 19, kernel_size=(1, 1), stride=(1, 1))
    (dropout): Dropout2d(p=0.1, inplace=False)
    (convs): Sequential(
      (0): ConvModule(
        (conv): Conv2d(128, 64, kernel_size=(3, 3), stride=(1, 1), padding=(1, 1), bias=False)
        (bn): SyncBatchNorm(64, eps=1e-05, momentum=0.1, affine=True, track_running_stats=True)
        (activate): ReLU(inplace=True)
      )
    )
  )
  init_cfg={'type': 'Normal', 'std': 0.01, 'override': {'name': 'conv_seg'}}
)
2021-09-24 14:54:24,311 - mmseg - INFO - Loaded 2975 images
2021-09-24 14:54:24,327 - mmseg - INFO - Loaded 500 images
2021-09-24 14:54:41,122 - mmseg - INFO - Loaded 500 images
2021-09-24 14:54:41,154 - mmseg - INFO - Start running, host: hejunjun@SH-IDC1-10-198-4-63, work_dir: /mnt/lustre/hejunjun/open-mmlab/icnet/work_dirs/deeplabv3_unet_s5-d16_512x1024_320k_cityscapes
2021-09-24 14:54:41,155 - mmseg - INFO - Hooks will be executed in the following order:
before_run:
(VERY_HIGH   ) PolyLrUpdaterHook                  
(NORMAL      ) CheckpointHook                     
(LOW         ) DistEvalHook                       
(VERY_LOW    ) TextLoggerHook                     
 -------------------- 
before_train_epoch:
(VERY_HIGH   ) PolyLrUpdaterHook                  
(NORMAL      ) IterTimerHook                      
(LOW         ) DistEvalHook                       
(VERY_LOW    ) TextLoggerHook                     
 -------------------- 
before_train_iter:
(VERY_HIGH   ) PolyLrUpdaterHook                  
(NORMAL      ) IterTimerHook                      
(LOW         ) DistEvalHook                       
 -------------------- 
after_train_iter:
(ABOVE_NORMAL) OptimizerHook                      
(NORMAL      ) CheckpointHook                     
(NORMAL      ) IterTimerHook                      
(LOW         ) DistEvalHook                       
(VERY_LOW    ) TextLoggerHook                     
 -------------------- 
after_train_epoch:
(NORMAL      ) CheckpointHook                     
(LOW         ) DistEvalHook                       
(VERY_LOW    ) TextLoggerHook                     
 -------------------- 
before_val_epoch:
(NORMAL      ) IterTimerHook                      
(VERY_LOW    ) TextLoggerHook                     
 -------------------- 
before_val_iter:
(NORMAL      ) IterTimerHook                      
 -------------------- 
after_val_iter:
(NORMAL      ) IterTimerHook                      
 -------------------- 
after_val_epoch:
(VERY_LOW    ) TextLoggerHook                     
 -------------------- 
2021-09-24 14:54:41,155 - mmseg - INFO - workflow: [('train', 500), ('val', 500)], max: 320000 iters
2021-09-24 14:59:45,640 - mmseg - INFO - Iter [50/320000]	lr: 9.999e-03, eta: 4 days, 23:11:54, time: 1.341, data_time: 0.342, memory: 16722, decode.loss_seg: 2.2931, decode.acc_seg: 29.1246, aux.loss_seg: 0.9032, aux.acc_seg: 30.3076, loss: 3.1963
2021-09-24 15:00:27,862 - mmseg - INFO - Iter [100/320000]	lr: 9.997e-03, eta: 4 days, 1:03:34, time: 0.843, data_time: 0.088, memory: 16722, decode.loss_seg: 1.8431, decode.acc_seg: 35.6016, aux.loss_seg: 0.7232, aux.acc_seg: 37.3162, loss: 2.5663
2021-09-24 15:01:26,753 - mmseg - INFO - Iter [150/320000]	lr: 9.996e-03, eta: 4 days, 3:29:55, time: 1.175, data_time: 0.083, memory: 16722, decode.loss_seg: 1.6965, decode.acc_seg: 37.3852, aux.loss_seg: 0.6702, aux.acc_seg: 37.9113, loss: 2.3666
2021-09-24 15:02:22,096 - mmseg - INFO - Iter [200/320000]	lr: 9.994e-03, eta: 4 days, 3:13:11, time: 1.108, data_time: 0.106, memory: 16722, decode.loss_seg: 1.8142, decode.acc_seg: 38.2154, aux.loss_seg: 0.7263, aux.acc_seg: 37.7837, loss: 2.5404
2021-09-24 15:03:23,791 - mmseg - INFO - Iter [250/320000]	lr: 9.993e-03, eta: 4 days, 5:14:53, time: 1.232, data_time: 0.157, memory: 16722, decode.loss_seg: 1.7537, decode.acc_seg: 40.5757, aux.loss_seg: 0.6971, aux.acc_seg: 40.5790, loss: 2.4508
2021-09-24 15:04:26,353 - mmseg - INFO - Iter [300/320000]	lr: 9.992e-03, eta: 4 days, 6:48:04, time: 1.246, data_time: 0.158, memory: 16722, decode.loss_seg: 1.6837, decode.acc_seg: 39.8576, aux.loss_seg: 0.6701, aux.acc_seg: 40.2532, loss: 2.3537
2021-09-24 15:05:29,025 - mmseg - INFO - Iter [350/320000]	lr: 9.990e-03, eta: 4 days, 8:04:52, time: 1.260, data_time: 0.173, memory: 16722, decode.loss_seg: 1.6767, decode.acc_seg: 39.0759, aux.loss_seg: 0.6828, aux.acc_seg: 39.6302, loss: 2.3595
2021-09-24 15:06:28,764 - mmseg - INFO - Iter [400/320000]	lr: 9.989e-03, eta: 4 days, 8:19:02, time: 1.195, data_time: 0.145, memory: 16722, decode.loss_seg: 1.6521, decode.acc_seg: 38.6886, aux.loss_seg: 0.6716, aux.acc_seg: 37.3430, loss: 2.3237
2021-09-24 15:07:37,720 - mmseg - INFO - Iter [450/320000]	lr: 9.987e-03, eta: 4 days, 10:19:15, time: 1.380, data_time: 0.281, memory: 16722, decode.loss_seg: 1.6221, decode.acc_seg: 39.7730, aux.loss_seg: 0.6577, aux.acc_seg: 39.9062, loss: 2.2798
2021-09-24 15:08:28,641 - mmseg - INFO - Iter [500/320000]	lr: 9.986e-03, eta: 4 days, 8:42:40, time: 1.018, data_time: 0.093, memory: 16722, decode.loss_seg: 1.6118, decode.acc_seg: 42.5868, aux.loss_seg: 0.6562, aux.acc_seg: 41.8689, loss: 2.2681
2021-09-24 15:13:29,916 - mmseg - INFO - Iter [550/320000]	lr: 9.985e-03, eta: 4 days, 7:30:59, time: 1.034, data_time: 0.047, memory: 16722, decode.loss_seg: 1.6564, decode.acc_seg: 39.1690, aux.loss_seg: 0.6916, aux.acc_seg: 36.9997, loss: 2.3480
2021-09-24 15:14:36,796 - mmseg - INFO - Iter [600/320000]	lr: 9.983e-03, eta: 4 days, 8:44:17, time: 1.334, data_time: 0.137, memory: 16722, decode.loss_seg: 1.6560, decode.acc_seg: 40.7907, aux.loss_seg: 0.6778, aux.acc_seg: 39.1097, loss: 2.3338
2021-09-24 15:15:31,137 - mmseg - INFO - Iter [650/320000]	lr: 9.982e-03, eta: 4 days, 8:05:23, time: 1.088, data_time: 0.123, memory: 16722, decode.loss_seg: 1.6633, decode.acc_seg: 40.1108, aux.loss_seg: 0.6754, aux.acc_seg: 39.7227, loss: 2.3387
2021-09-24 15:16:35,366 - mmseg - INFO - Iter [700/320000]	lr: 9.981e-03, eta: 4 days, 8:47:55, time: 1.288, data_time: 0.347, memory: 16722, decode.loss_seg: 1.5750, decode.acc_seg: 43.0844, aux.loss_seg: 0.6380, aux.acc_seg: 42.6565, loss: 2.2130
2021-09-24 15:17:43,480 - mmseg - INFO - Iter [750/320000]	lr: 9.979e-03, eta: 4 days, 9:49:34, time: 1.358, data_time: 0.167, memory: 16722, decode.loss_seg: 1.6365, decode.acc_seg: 43.9836, aux.loss_seg: 0.6613, aux.acc_seg: 42.9392, loss: 2.2979
2021-09-24 15:18:42,464 - mmseg - INFO - Iter [800/320000]	lr: 9.978e-03, eta: 4 days, 9:44:19, time: 1.181, data_time: 0.245, memory: 16722, decode.loss_seg: 1.5707, decode.acc_seg: 45.0017, aux.loss_seg: 0.6430, aux.acc_seg: 43.5357, loss: 2.2137
2021-09-24 15:19:49,962 - mmseg - INFO - Iter [850/320000]	lr: 9.976e-03, eta: 4 days, 10:32:14, time: 1.349, data_time: 0.275, memory: 16722, decode.loss_seg: 1.5853, decode.acc_seg: 46.1817, aux.loss_seg: 0.6449, aux.acc_seg: 46.1848, loss: 2.2302
