2021-09-24 15:22:45,792 - mmseg - INFO - Environment info:
------------------------------------------------------------
sys.platform: linux
Python: 3.8.10 (default, Jun  4 2021, 15:09:15) [GCC 7.5.0]
CUDA available: True
GPU 0: Tesla V100-SXM2-32GB
CUDA_HOME: /mnt/cache/share/polaris/dep/cuda-9.0-cudnn7.6.5
GCC: gcc (GCC) 5.4.0
PyTorch: 1.8.0
PyTorch compiling details: PyTorch built with:
  - GCC 7.3
  - C++ Version: 201402
  - Intel(R) oneAPI Math Kernel Library Version 2021.2-Product Build 20210312 for Intel(R) 64 architecture applications
  - Intel(R) MKL-DNN v1.7.0 (Git Hash 7aed236906b1f7a05c0917e5257a1af05e9ff683)
  - OpenMP 201511 (a.k.a. OpenMP 4.5)
  - NNPACK is enabled
  - CPU capability usage: AVX2
  - CUDA Runtime 10.2
  - NVCC architecture flags: -gencode;arch=compute_37,code=sm_37;-gencode;arch=compute_50,code=sm_50;-gencode;arch=compute_60,code=sm_60;-gencode;arch=compute_61,code=sm_61;-gencode;arch=compute_70,code=sm_70;-gencode;arch=compute_75,code=sm_75;-gencode;arch=compute_37,code=compute_37
  - CuDNN 7.6.5
  - Magma 2.5.2
  - Build settings: BLAS_INFO=mkl, BUILD_TYPE=Release, CUDA_VERSION=10.2, CUDNN_VERSION=7.6.5, CXX_COMPILER=/opt/rh/devtoolset-7/root/usr/bin/c++, CXX_FLAGS= -Wno-deprecated -fvisibility-inlines-hidden -DUSE_PTHREADPOOL -fopenmp -DNDEBUG -DUSE_KINETO -DUSE_FBGEMM -DUSE_QNNPACK -DUSE_PYTORCH_QNNPACK -DUSE_XNNPACK -O2 -fPIC -Wno-narrowing -Wall -Wextra -Werror=return-type -Wno-missing-field-initializers -Wno-type-limits -Wno-array-bounds -Wno-unknown-pragmas -Wno-sign-compare -Wno-unused-parameter -Wno-unused-variable -Wno-unused-function -Wno-unused-result -Wno-unused-local-typedefs -Wno-strict-overflow -Wno-strict-aliasing -Wno-error=deprecated-declarations -Wno-stringop-overflow -Wno-psabi -Wno-error=pedantic -Wno-error=redundant-decls -Wno-error=old-style-cast -fdiagnostics-color=always -faligned-new -Wno-unused-but-set-variable -Wno-maybe-uninitialized -fno-math-errno -fno-trapping-math -Werror=format -Wno-stringop-overflow, LAPACK_INFO=mkl, PERF_WITH_AVX=1, PERF_WITH_AVX2=1, PERF_WITH_AVX512=1, TORCH_VERSION=1.8.0, USE_CUDA=ON, USE_CUDNN=ON, USE_EXCEPTION_PTR=1, USE_GFLAGS=OFF, USE_GLOG=OFF, USE_MKL=ON, USE_MKLDNN=ON, USE_MPI=OFF, USE_NCCL=ON, USE_NNPACK=ON, USE_OPENMP=ON, 

TorchVision: 0.9.0
OpenCV: 4.5.3
MMCV: 1.3.8
MMCV Compiler: GCC 7.3
MMCV CUDA Compiler: 10.2
MMSegmentation: 0.16.0+298142e
------------------------------------------------------------

2021-09-24 15:22:45,793 - mmseg - INFO - Distributed training: True
2021-09-24 15:22:46,101 - mmseg - INFO - Config:
norm_cfg = dict(type='SyncBN', requires_grad=True)
model = dict(
    type='EncoderDecoder',
    pretrained=None,
    backbone=dict(
        type='UNet',
        in_channels=3,
        base_channels=64,
        num_stages=5,
        strides=(1, 1, 1, 1, 1),
        enc_num_convs=(2, 2, 2, 2, 2),
        dec_num_convs=(2, 2, 2, 2),
        downsamples=(True, True, True, True),
        enc_dilations=(1, 1, 1, 1, 1),
        dec_dilations=(1, 1, 1, 1),
        with_cp=False,
        conv_cfg=None,
        norm_cfg=dict(type='SyncBN', requires_grad=True),
        act_cfg=dict(type='ReLU'),
        upsample_cfg=dict(type='InterpConv'),
        norm_eval=False),
    decode_head=dict(
        type='ASPPHead',
        in_channels=64,
        in_index=4,
        channels=16,
        dilations=(1, 12, 24, 36),
        dropout_ratio=0.1,
        num_classes=19,
        norm_cfg=dict(type='SyncBN', requires_grad=True),
        align_corners=False,
        loss_decode=dict(
            type='CrossEntropyLoss', use_sigmoid=False, loss_weight=1.0)),
    auxiliary_head=dict(
        type='FCNHead',
        in_channels=128,
        in_index=3,
        channels=64,
        num_convs=1,
        concat_input=False,
        dropout_ratio=0.1,
        num_classes=19,
        norm_cfg=dict(type='SyncBN', requires_grad=True),
        align_corners=False,
        loss_decode=dict(
            type='CrossEntropyLoss', use_sigmoid=False, loss_weight=0.4)),
    train_cfg=dict(),
    test_cfg=dict(mode='whole'))
dataset_type = 'CityscapesDataset'
data_root = 'data/cityscapes/'
img_norm_cfg = dict(
    mean=[123.675, 116.28, 103.53], std=[58.395, 57.12, 57.375], to_rgb=True)
crop_size = (512, 1024)
train_pipeline = [
    dict(type='LoadImageFromFile'),
    dict(type='LoadAnnotations'),
    dict(type='Resize', img_scale=(2048, 1024), ratio_range=(0.5, 2.0)),
    dict(type='RandomCrop', crop_size=(512, 1024), cat_max_ratio=0.75),
    dict(type='RandomFlip', prob=0.5),
    dict(type='PhotoMetricDistortion'),
    dict(
        type='Normalize',
        mean=[123.675, 116.28, 103.53],
        std=[58.395, 57.12, 57.375],
        to_rgb=True),
    dict(type='Pad', size=(512, 1024), pad_val=0, seg_pad_val=255),
    dict(type='DefaultFormatBundle'),
    dict(type='Collect', keys=['img', 'gt_semantic_seg'])
]
test_pipeline = [
    dict(type='LoadImageFromFile'),
    dict(
        type='MultiScaleFlipAug',
        img_scale=(2048, 1024),
        flip=False,
        transforms=[
            dict(type='Resize', keep_ratio=True),
            dict(type='RandomFlip'),
            dict(
                type='Normalize',
                mean=[123.675, 116.28, 103.53],
                std=[58.395, 57.12, 57.375],
                to_rgb=True),
            dict(type='ImageToTensor', keys=['img']),
            dict(type='Collect', keys=['img'])
        ])
]
data = dict(
    samples_per_gpu=2,
    workers_per_gpu=2,
    train=dict(
        type='CityscapesDataset',
        data_root='data/cityscapes/',
        img_dir='leftImg8bit/train',
        ann_dir='gtFine/train',
        pipeline=[
            dict(type='LoadImageFromFile'),
            dict(type='LoadAnnotations'),
            dict(
                type='Resize', img_scale=(2048, 1024), ratio_range=(0.5, 2.0)),
            dict(type='RandomCrop', crop_size=(512, 1024), cat_max_ratio=0.75),
            dict(type='RandomFlip', prob=0.5),
            dict(type='PhotoMetricDistortion'),
            dict(
                type='Normalize',
                mean=[123.675, 116.28, 103.53],
                std=[58.395, 57.12, 57.375],
                to_rgb=True),
            dict(type='Pad', size=(512, 1024), pad_val=0, seg_pad_val=255),
            dict(type='DefaultFormatBundle'),
            dict(type='Collect', keys=['img', 'gt_semantic_seg'])
        ]),
    val=dict(
        type='CityscapesDataset',
        data_root='data/cityscapes/',
        img_dir='leftImg8bit/val',
        ann_dir='gtFine/val',
        pipeline=[
            dict(type='LoadImageFromFile'),
            dict(
                type='MultiScaleFlipAug',
                img_scale=(2048, 1024),
                flip=False,
                transforms=[
                    dict(type='Resize', keep_ratio=True),
                    dict(type='RandomFlip'),
                    dict(
                        type='Normalize',
                        mean=[123.675, 116.28, 103.53],
                        std=[58.395, 57.12, 57.375],
                        to_rgb=True),
                    dict(type='ImageToTensor', keys=['img']),
                    dict(type='Collect', keys=['img'])
                ])
        ]),
    test=dict(
        type='CityscapesDataset',
        data_root='data/cityscapes/',
        img_dir='leftImg8bit/val',
        ann_dir='gtFine/val',
        pipeline=[
            dict(type='LoadImageFromFile'),
            dict(
                type='MultiScaleFlipAug',
                img_scale=(2048, 1024),
                flip=False,
                transforms=[
                    dict(type='Resize', keep_ratio=True),
                    dict(type='RandomFlip'),
                    dict(
                        type='Normalize',
                        mean=[123.675, 116.28, 103.53],
                        std=[58.395, 57.12, 57.375],
                        to_rgb=True),
                    dict(type='ImageToTensor', keys=['img']),
                    dict(type='Collect', keys=['img'])
                ])
        ]))
log_config = dict(
    interval=50, hooks=[dict(type='TextLoggerHook', by_epoch=False)])
dist_params = dict(backend='nccl')
log_level = 'INFO'
load_from = None
resume_from = None
workflow = [('train', 500), ('val', 500)]
cudnn_benchmark = True
optimizer = dict(type='SGD', lr=0.01, momentum=0.9, weight_decay=0.0005)
optimizer_config = dict()
lr_config = dict(policy='poly', power=0.9, min_lr=0.0001, by_epoch=False)
runner = dict(type='IterBasedRunner', max_iters=320000)
checkpoint_config = dict(by_epoch=False, interval=32000)
evaluation = dict(interval=32000, metric='mIoU', pre_eval=True)
work_dir = './work_dirs/deeplabv3_unet_s5-d16_512x1024_320k_cityscapes'
gpu_ids = range(0, 1)

2021-09-24 15:22:46,101 - mmseg - INFO - Set random seed to 0, deterministic: False
2021-09-24 15:22:49,091 - mmseg - INFO - EncoderDecoder(
  (backbone): UNet(
    (encoder): ModuleList(
      (0): Sequential(
        (0): BasicConvBlock(
          (convs): Sequential(
            (0): ConvModule(
              (conv): Conv2d(3, 64, kernel_size=(3, 3), stride=(1, 1), padding=(1, 1), bias=False)
              (bn): SyncBatchNorm(64, eps=1e-05, momentum=0.1, affine=True, track_running_stats=True)
              (activate): ReLU(inplace=True)
            )
            (1): ConvModule(
              (conv): Conv2d(64, 64, kernel_size=(3, 3), stride=(1, 1), padding=(1, 1), bias=False)
              (bn): SyncBatchNorm(64, eps=1e-05, momentum=0.1, affine=True, track_running_stats=True)
              (activate): ReLU(inplace=True)
            )
          )
        )
      )
      (1): Sequential(
        (0): MaxPool2d(kernel_size=2, stride=2, padding=0, dilation=1, ceil_mode=False)
        (1): BasicConvBlock(
          (convs): Sequential(
            (0): ConvModule(
              (conv): Conv2d(64, 128, kernel_size=(3, 3), stride=(1, 1), padding=(1, 1), bias=False)
              (bn): SyncBatchNorm(128, eps=1e-05, momentum=0.1, affine=True, track_running_stats=True)
              (activate): ReLU(inplace=True)
            )
            (1): ConvModule(
              (conv): Conv2d(128, 128, kernel_size=(3, 3), stride=(1, 1), padding=(1, 1), bias=False)
              (bn): SyncBatchNorm(128, eps=1e-05, momentum=0.1, affine=True, track_running_stats=True)
              (activate): ReLU(inplace=True)
            )
          )
        )
      )
      (2): Sequential(
        (0): MaxPool2d(kernel_size=2, stride=2, padding=0, dilation=1, ceil_mode=False)
        (1): BasicConvBlock(
          (convs): Sequential(
            (0): ConvModule(
              (conv): Conv2d(128, 256, kernel_size=(3, 3), stride=(1, 1), padding=(1, 1), bias=False)
              (bn): SyncBatchNorm(256, eps=1e-05, momentum=0.1, affine=True, track_running_stats=True)
              (activate): ReLU(inplace=True)
            )
            (1): ConvModule(
              (conv): Conv2d(256, 256, kernel_size=(3, 3), stride=(1, 1), padding=(1, 1), bias=False)
              (bn): SyncBatchNorm(256, eps=1e-05, momentum=0.1, affine=True, track_running_stats=True)
              (activate): ReLU(inplace=True)
            )
          )
        )
      )
      (3): Sequential(
        (0): MaxPool2d(kernel_size=2, stride=2, padding=0, dilation=1, ceil_mode=False)
        (1): BasicConvBlock(
          (convs): Sequential(
            (0): ConvModule(
              (conv): Conv2d(256, 512, kernel_size=(3, 3), stride=(1, 1), padding=(1, 1), bias=False)
              (bn): SyncBatchNorm(512, eps=1e-05, momentum=0.1, affine=True, track_running_stats=True)
              (activate): ReLU(inplace=True)
            )
            (1): ConvModule(
              (conv): Conv2d(512, 512, kernel_size=(3, 3), stride=(1, 1), padding=(1, 1), bias=False)
              (bn): SyncBatchNorm(512, eps=1e-05, momentum=0.1, affine=True, track_running_stats=True)
              (activate): ReLU(inplace=True)
            )
          )
        )
      )
      (4): Sequential(
        (0): MaxPool2d(kernel_size=2, stride=2, padding=0, dilation=1, ceil_mode=False)
        (1): BasicConvBlock(
          (convs): Sequential(
            (0): ConvModule(
              (conv): Conv2d(512, 1024, kernel_size=(3, 3), stride=(1, 1), padding=(1, 1), bias=False)
              (bn): SyncBatchNorm(1024, eps=1e-05, momentum=0.1, affine=True, track_running_stats=True)
              (activate): ReLU(inplace=True)
            )
            (1): ConvModule(
              (conv): Conv2d(1024, 1024, kernel_size=(3, 3), stride=(1, 1), padding=(1, 1), bias=False)
              (bn): SyncBatchNorm(1024, eps=1e-05, momentum=0.1, affine=True, track_running_stats=True)
              (activate): ReLU(inplace=True)
            )
          )
        )
      )
    )
    (decoder): ModuleList(
      (0): UpConvBlock(
        (conv_block): BasicConvBlock(
          (convs): Sequential(
            (0): ConvModule(
              (conv): Conv2d(128, 64, kernel_size=(3, 3), stride=(1, 1), padding=(1, 1), bias=False)
              (bn): SyncBatchNorm(64, eps=1e-05, momentum=0.1, affine=True, track_running_stats=True)
              (activate): ReLU(inplace=True)
            )
            (1): ConvModule(
              (conv): Conv2d(64, 64, kernel_size=(3, 3), stride=(1, 1), padding=(1, 1), bias=False)
              (bn): SyncBatchNorm(64, eps=1e-05, momentum=0.1, affine=True, track_running_stats=True)
              (activate): ReLU(inplace=True)
            )
          )
        )
        (upsample): InterpConv(
          (interp_upsample): Sequential(
            (0): Upsample()
            (1): ConvModule(
              (conv): Conv2d(128, 64, kernel_size=(1, 1), stride=(1, 1), bias=False)
              (bn): SyncBatchNorm(64, eps=1e-05, momentum=0.1, affine=True, track_running_stats=True)
              (activate): ReLU(inplace=True)
            )
          )
        )
      )
      (1): UpConvBlock(
        (conv_block): BasicConvBlock(
          (convs): Sequential(
            (0): ConvModule(
              (conv): Conv2d(256, 128, kernel_size=(3, 3), stride=(1, 1), padding=(1, 1), bias=False)
              (bn): SyncBatchNorm(128, eps=1e-05, momentum=0.1, affine=True, track_running_stats=True)
              (activate): ReLU(inplace=True)
            )
            (1): ConvModule(
              (conv): Conv2d(128, 128, kernel_size=(3, 3), stride=(1, 1), padding=(1, 1), bias=False)
              (bn): SyncBatchNorm(128, eps=1e-05, momentum=0.1, affine=True, track_running_stats=True)
              (activate): ReLU(inplace=True)
            )
          )
        )
        (upsample): InterpConv(
          (interp_upsample): Sequential(
            (0): Upsample()
            (1): ConvModule(
              (conv): Conv2d(256, 128, kernel_size=(1, 1), stride=(1, 1), bias=False)
              (bn): SyncBatchNorm(128, eps=1e-05, momentum=0.1, affine=True, track_running_stats=True)
              (activate): ReLU(inplace=True)
            )
          )
        )
      )
      (2): UpConvBlock(
        (conv_block): BasicConvBlock(
          (convs): Sequential(
            (0): ConvModule(
              (conv): Conv2d(512, 256, kernel_size=(3, 3), stride=(1, 1), padding=(1, 1), bias=False)
              (bn): SyncBatchNorm(256, eps=1e-05, momentum=0.1, affine=True, track_running_stats=True)
              (activate): ReLU(inplace=True)
            )
            (1): ConvModule(
              (conv): Conv2d(256, 256, kernel_size=(3, 3), stride=(1, 1), padding=(1, 1), bias=False)
              (bn): SyncBatchNorm(256, eps=1e-05, momentum=0.1, affine=True, track_running_stats=True)
              (activate): ReLU(inplace=True)
            )
          )
        )
        (upsample): InterpConv(
          (interp_upsample): Sequential(
            (0): Upsample()
            (1): ConvModule(
              (conv): Conv2d(512, 256, kernel_size=(1, 1), stride=(1, 1), bias=False)
              (bn): SyncBatchNorm(256, eps=1e-05, momentum=0.1, affine=True, track_running_stats=True)
              (activate): ReLU(inplace=True)
            )
          )
        )
      )
      (3): UpConvBlock(
        (conv_block): BasicConvBlock(
          (convs): Sequential(
            (0): ConvModule(
              (conv): Conv2d(1024, 512, kernel_size=(3, 3), stride=(1, 1), padding=(1, 1), bias=False)
              (bn): SyncBatchNorm(512, eps=1e-05, momentum=0.1, affine=True, track_running_stats=True)
              (activate): ReLU(inplace=True)
            )
            (1): ConvModule(
              (conv): Conv2d(512, 512, kernel_size=(3, 3), stride=(1, 1), padding=(1, 1), bias=False)
              (bn): SyncBatchNorm(512, eps=1e-05, momentum=0.1, affine=True, track_running_stats=True)
              (activate): ReLU(inplace=True)
            )
          )
        )
        (upsample): InterpConv(
          (interp_upsample): Sequential(
            (0): Upsample()
            (1): ConvModule(
              (conv): Conv2d(1024, 512, kernel_size=(1, 1), stride=(1, 1), bias=False)
              (bn): SyncBatchNorm(512, eps=1e-05, momentum=0.1, affine=True, track_running_stats=True)
              (activate): ReLU(inplace=True)
            )
          )
        )
      )
    )
  )
  init_cfg=[{'type': 'Kaiming', 'layer': 'Conv2d'}, {'type': 'Constant', 'val': 1, 'layer': ['_BatchNorm', 'GroupNorm']}]
  (decode_head): ASPPHead(
    input_transform=None, ignore_index=255, align_corners=False
    (loss_decode): CrossEntropyLoss()
    (conv_seg): Conv2d(16, 19, kernel_size=(1, 1), stride=(1, 1))
    (dropout): Dropout2d(p=0.1, inplace=False)
    (image_pool): Sequential(
      (0): AdaptiveAvgPool2d(output_size=1)
      (1): ConvModule(
        (conv): Conv2d(64, 16, kernel_size=(1, 1), stride=(1, 1), bias=False)
        (bn): SyncBatchNorm(16, eps=1e-05, momentum=0.1, affine=True, track_running_stats=True)
        (activate): ReLU(inplace=True)
      )
    )
    (aspp_modules): ASPPModule(
      (0): ConvModule(
        (conv): Conv2d(64, 16, kernel_size=(1, 1), stride=(1, 1), bias=False)
        (bn): SyncBatchNorm(16, eps=1e-05, momentum=0.1, affine=True, track_running_stats=True)
        (activate): ReLU(inplace=True)
      )
      (1): ConvModule(
        (conv): Conv2d(64, 16, kernel_size=(3, 3), stride=(1, 1), padding=(12, 12), dilation=(12, 12), bias=False)
        (bn): SyncBatchNorm(16, eps=1e-05, momentum=0.1, affine=True, track_running_stats=True)
        (activate): ReLU(inplace=True)
      )
      (2): ConvModule(
        (conv): Conv2d(64, 16, kernel_size=(3, 3), stride=(1, 1), padding=(24, 24), dilation=(24, 24), bias=False)
        (bn): SyncBatchNorm(16, eps=1e-05, momentum=0.1, affine=True, track_running_stats=True)
        (activate): ReLU(inplace=True)
      )
      (3): ConvModule(
        (conv): Conv2d(64, 16, kernel_size=(3, 3), stride=(1, 1), padding=(36, 36), dilation=(36, 36), bias=False)
        (bn): SyncBatchNorm(16, eps=1e-05, momentum=0.1, affine=True, track_running_stats=True)
        (activate): ReLU(inplace=True)
      )
    )
    (bottleneck): ConvModule(
      (conv): Conv2d(80, 16, kernel_size=(3, 3), stride=(1, 1), padding=(1, 1), bias=False)
      (bn): SyncBatchNorm(16, eps=1e-05, momentum=0.1, affine=True, track_running_stats=True)
      (activate): ReLU(inplace=True)
    )
  )
  init_cfg={'type': 'Normal', 'std': 0.01, 'override': {'name': 'conv_seg'}}
  (auxiliary_head): FCNHead(
    input_transform=None, ignore_index=255, align_corners=False
    (loss_decode): CrossEntropyLoss()
    (conv_seg): Conv2d(64, 19, kernel_size=(1, 1), stride=(1, 1))
    (dropout): Dropout2d(p=0.1, inplace=False)
    (convs): Sequential(
      (0): ConvModule(
        (conv): Conv2d(128, 64, kernel_size=(3, 3), stride=(1, 1), padding=(1, 1), bias=False)
        (bn): SyncBatchNorm(64, eps=1e-05, momentum=0.1, affine=True, track_running_stats=True)
        (activate): ReLU(inplace=True)
      )
    )
  )
  init_cfg={'type': 'Normal', 'std': 0.01, 'override': {'name': 'conv_seg'}}
)
2021-09-24 15:22:49,297 - mmseg - INFO - Loaded 2975 images
2021-09-24 15:22:49,310 - mmseg - INFO - Loaded 500 images
2021-09-24 15:23:09,067 - mmseg - INFO - Loaded 500 images
2021-09-24 15:23:09,080 - mmseg - INFO - Start running, host: hejunjun@SH-IDC1-10-198-4-68, work_dir: /mnt/lustre/hejunjun/open-mmlab/icnet/work_dirs/deeplabv3_unet_s5-d16_512x1024_320k_cityscapes
2021-09-24 15:23:09,081 - mmseg - INFO - Hooks will be executed in the following order:
before_run:
(VERY_HIGH   ) PolyLrUpdaterHook                  
(NORMAL      ) CheckpointHook                     
(LOW         ) DistEvalHook                       
(VERY_LOW    ) TextLoggerHook                     
 -------------------- 
before_train_epoch:
(VERY_HIGH   ) PolyLrUpdaterHook                  
(NORMAL      ) IterTimerHook                      
(LOW         ) DistEvalHook                       
(VERY_LOW    ) TextLoggerHook                     
 -------------------- 
before_train_iter:
(VERY_HIGH   ) PolyLrUpdaterHook                  
(NORMAL      ) IterTimerHook                      
(LOW         ) DistEvalHook                       
 -------------------- 
after_train_iter:
(ABOVE_NORMAL) OptimizerHook                      
(NORMAL      ) CheckpointHook                     
(NORMAL      ) IterTimerHook                      
(LOW         ) DistEvalHook                       
(VERY_LOW    ) TextLoggerHook                     
 -------------------- 
after_train_epoch:
(NORMAL      ) CheckpointHook                     
(LOW         ) DistEvalHook                       
(VERY_LOW    ) TextLoggerHook                     
 -------------------- 
before_val_epoch:
(NORMAL      ) IterTimerHook                      
(VERY_LOW    ) TextLoggerHook                     
 -------------------- 
before_val_iter:
(NORMAL      ) IterTimerHook                      
 -------------------- 
after_val_iter:
(NORMAL      ) IterTimerHook                      
 -------------------- 
after_val_epoch:
(VERY_LOW    ) TextLoggerHook                     
 -------------------- 
2021-09-24 15:23:09,081 - mmseg - INFO - workflow: [('train', 500), ('val', 500)], max: 320000 iters
2021-09-24 15:27:57,841 - mmseg - INFO - Iter [50/320000]	lr: 9.999e-03, eta: 4 days, 21:35:52, time: 1.323, data_time: 0.327, memory: 16722, decode.loss_seg: 2.2982, decode.acc_seg: 29.6230, aux.loss_seg: 0.9071, aux.acc_seg: 29.7483, loss: 3.2053
2021-09-24 15:28:43,888 - mmseg - INFO - Iter [100/320000]	lr: 9.997e-03, eta: 4 days, 3:32:56, time: 0.917, data_time: 0.039, memory: 16722, decode.loss_seg: 1.8806, decode.acc_seg: 32.7655, aux.loss_seg: 0.7400, aux.acc_seg: 34.2971, loss: 2.6206
2021-09-24 15:29:44,973 - mmseg - INFO - Iter [150/320000]	lr: 9.996e-03, eta: 4 days, 6:32:06, time: 1.222, data_time: 0.075, memory: 16722, decode.loss_seg: 1.6988, decode.acc_seg: 37.1631, aux.loss_seg: 0.6815, aux.acc_seg: 36.6607, loss: 2.3803
2021-09-24 15:30:47,793 - mmseg - INFO - Iter [200/320000]	lr: 9.994e-03, eta: 4 days, 8:46:45, time: 1.256, data_time: 0.138, memory: 16722, decode.loss_seg: 1.8343, decode.acc_seg: 37.4019, aux.loss_seg: 0.7283, aux.acc_seg: 38.0859, loss: 2.5626
2021-09-24 15:31:49,132 - mmseg - INFO - Iter [250/320000]	lr: 9.993e-03, eta: 4 days, 9:35:27, time: 1.226, data_time: 0.134, memory: 16722, decode.loss_seg: 1.7136, decode.acc_seg: 41.8164, aux.loss_seg: 0.6891, aux.acc_seg: 42.1358, loss: 2.4026
2021-09-24 15:32:32,366 - mmseg - INFO - Iter [300/320000]	lr: 9.992e-03, eta: 4 days, 4:47:13, time: 0.865, data_time: 0.042, memory: 16722, decode.loss_seg: 1.5996, decode.acc_seg: 44.4398, aux.loss_seg: 0.6478, aux.acc_seg: 44.1277, loss: 2.2475
2021-09-24 15:33:36,349 - mmseg - INFO - Iter [350/320000]	lr: 9.990e-03, eta: 4 days, 6:36:57, time: 1.280, data_time: 0.104, memory: 16722, decode.loss_seg: 1.6399, decode.acc_seg: 42.2101, aux.loss_seg: 0.6645, aux.acc_seg: 43.4314, loss: 2.3045
2021-09-24 15:34:29,211 - mmseg - INFO - Iter [400/320000]	lr: 9.989e-03, eta: 4 days, 5:28:49, time: 1.055, data_time: 0.025, memory: 16722, decode.loss_seg: 1.5329, decode.acc_seg: 45.2177, aux.loss_seg: 0.6191, aux.acc_seg: 45.2961, loss: 2.1520
2021-09-24 15:35:30,057 - mmseg - INFO - Iter [450/320000]	lr: 9.987e-03, eta: 4 days, 6:11:15, time: 1.216, data_time: 0.092, memory: 16722, decode.loss_seg: 1.5188, decode.acc_seg: 45.3940, aux.loss_seg: 0.6180, aux.acc_seg: 45.6886, loss: 2.1368
2021-09-24 15:36:26,955 - mmseg - INFO - Iter [500/320000]	lr: 9.986e-03, eta: 4 days, 6:02:34, time: 1.137, data_time: 0.117, memory: 16722, decode.loss_seg: 1.5454, decode.acc_seg: 47.2848, aux.loss_seg: 0.6207, aux.acc_seg: 47.1752, loss: 2.1661
2021-09-24 15:41:50,328 - mmseg - INFO - Iter [550/320000]	lr: 9.985e-03, eta: 4 days, 6:43:11, time: 1.236, data_time: 0.165, memory: 16722, decode.loss_seg: 1.5302, decode.acc_seg: 46.1882, aux.loss_seg: 0.6225, aux.acc_seg: 45.8015, loss: 2.1527
2021-09-24 15:43:01,540 - mmseg - INFO - Iter [600/320000]	lr: 9.983e-03, eta: 4 days, 8:43:18, time: 1.431, data_time: 0.344, memory: 16722, decode.loss_seg: 1.5186, decode.acc_seg: 46.8960, aux.loss_seg: 0.6238, aux.acc_seg: 46.4456, loss: 2.1425
2021-09-24 15:44:06,739 - mmseg - INFO - Iter [650/320000]	lr: 9.982e-03, eta: 4 days, 9:29:51, time: 1.296, data_time: 0.234, memory: 16722, decode.loss_seg: 1.5265, decode.acc_seg: 45.4361, aux.loss_seg: 0.6164, aux.acc_seg: 45.5233, loss: 2.1429
2021-09-24 15:45:06,048 - mmseg - INFO - Iter [700/320000]	lr: 9.981e-03, eta: 4 days, 9:27:59, time: 1.187, data_time: 0.092, memory: 16722, decode.loss_seg: 1.4789, decode.acc_seg: 47.6237, aux.loss_seg: 0.6011, aux.acc_seg: 47.4745, loss: 2.0800
2021-09-24 15:46:03,641 - mmseg - INFO - Iter [750/320000]	lr: 9.979e-03, eta: 4 days, 9:12:59, time: 1.150, data_time: 0.058, memory: 16722, decode.loss_seg: 1.5208, decode.acc_seg: 48.3045, aux.loss_seg: 0.6149, aux.acc_seg: 48.2185, loss: 2.1357
2021-09-24 15:47:13,049 - mmseg - INFO - Iter [800/320000]	lr: 9.978e-03, eta: 4 days, 10:19:19, time: 1.389, data_time: 0.193, memory: 16722, decode.loss_seg: 1.4607, decode.acc_seg: 50.2935, aux.loss_seg: 0.5933, aux.acc_seg: 49.2789, loss: 2.0540
2021-09-24 15:48:00,847 - mmseg - INFO - Iter [850/320000]	lr: 9.976e-03, eta: 4 days, 9:01:49, time: 0.955, data_time: 0.027, memory: 16722, decode.loss_seg: 1.5089, decode.acc_seg: 50.3713, aux.loss_seg: 0.6163, aux.acc_seg: 49.3213, loss: 2.1252
