2021-09-29 01:09:11,432 - mmseg - INFO - Environment info:
------------------------------------------------------------
sys.platform: linux
Python: 3.8.10 (default, Jun  4 2021, 15:09:15) [GCC 7.5.0]
CUDA available: True
GPU 0: Tesla V100-SXM2-32GB
CUDA_HOME: /mnt/cache/share/polaris/dep/cuda-9.0-cudnn7.6.5
GCC: gcc (GCC) 5.4.0
PyTorch: 1.8.0
PyTorch compiling details: PyTorch built with:
  - GCC 7.3
  - C++ Version: 201402
  - Intel(R) oneAPI Math Kernel Library Version 2021.2-Product Build 20210312 for Intel(R) 64 architecture applications
  - Intel(R) MKL-DNN v1.7.0 (Git Hash 7aed236906b1f7a05c0917e5257a1af05e9ff683)
  - OpenMP 201511 (a.k.a. OpenMP 4.5)
  - NNPACK is enabled
  - CPU capability usage: AVX2
  - CUDA Runtime 10.2
  - NVCC architecture flags: -gencode;arch=compute_37,code=sm_37;-gencode;arch=compute_50,code=sm_50;-gencode;arch=compute_60,code=sm_60;-gencode;arch=compute_61,code=sm_61;-gencode;arch=compute_70,code=sm_70;-gencode;arch=compute_75,code=sm_75;-gencode;arch=compute_37,code=compute_37
  - CuDNN 7.6.5
  - Magma 2.5.2
  - Build settings: BLAS_INFO=mkl, BUILD_TYPE=Release, CUDA_VERSION=10.2, CUDNN_VERSION=7.6.5, CXX_COMPILER=/opt/rh/devtoolset-7/root/usr/bin/c++, CXX_FLAGS= -Wno-deprecated -fvisibility-inlines-hidden -DUSE_PTHREADPOOL -fopenmp -DNDEBUG -DUSE_KINETO -DUSE_FBGEMM -DUSE_QNNPACK -DUSE_PYTORCH_QNNPACK -DUSE_XNNPACK -O2 -fPIC -Wno-narrowing -Wall -Wextra -Werror=return-type -Wno-missing-field-initializers -Wno-type-limits -Wno-array-bounds -Wno-unknown-pragmas -Wno-sign-compare -Wno-unused-parameter -Wno-unused-variable -Wno-unused-function -Wno-unused-result -Wno-unused-local-typedefs -Wno-strict-overflow -Wno-strict-aliasing -Wno-error=deprecated-declarations -Wno-stringop-overflow -Wno-psabi -Wno-error=pedantic -Wno-error=redundant-decls -Wno-error=old-style-cast -fdiagnostics-color=always -faligned-new -Wno-unused-but-set-variable -Wno-maybe-uninitialized -fno-math-errno -fno-trapping-math -Werror=format -Wno-stringop-overflow, LAPACK_INFO=mkl, PERF_WITH_AVX=1, PERF_WITH_AVX2=1, PERF_WITH_AVX512=1, TORCH_VERSION=1.8.0, USE_CUDA=ON, USE_CUDNN=ON, USE_EXCEPTION_PTR=1, USE_GFLAGS=OFF, USE_GLOG=OFF, USE_MKL=ON, USE_MKLDNN=ON, USE_MPI=OFF, USE_NCCL=ON, USE_NNPACK=ON, USE_OPENMP=ON, 

TorchVision: 0.9.0
OpenCV: 4.5.3
MMCV: 1.3.8
MMCV Compiler: GCC 7.3
MMCV CUDA Compiler: 10.2
MMSegmentation: 0.16.0+298142e
------------------------------------------------------------

2021-09-29 01:09:11,433 - mmseg - INFO - Distributed training: True
2021-09-29 01:09:11,734 - mmseg - INFO - Config:
norm_cfg = dict(type='SyncBN', requires_grad=True)
model = dict(
    type='EncoderDecoder',
    pretrained=None,
    backbone=dict(
        type='UNet',
        in_channels=3,
        base_channels=32,
        num_stages=8,
        strides=(1, 1, 1, 1, 1, 1, 1, 1),
        enc_num_convs=(2, 2, 2, 2, 2, 2, 2, 2),
        dec_num_convs=(2, 2, 2, 2, 2, 2, 2),
        downsamples=(True, True, True, True, True, True, True),
        enc_dilations=(2, 2, 2, 2, 2, 2, 2, 2),
        dec_dilations=(2, 2, 2, 2, 2, 2, 2),
        with_cp=False,
        conv_cfg=None,
        norm_cfg=dict(type='SyncBN', requires_grad=True),
        act_cfg=dict(type='ReLU'),
        upsample_cfg=dict(type='InterpConv'),
        norm_eval=False),
    decode_head=dict(
        type='FCNHead',
        in_channels=32,
        in_index=7,
        channels=64,
        num_convs=1,
        concat_input=False,
        dropout_ratio=0.1,
        num_classes=19,
        norm_cfg=dict(type='SyncBN', requires_grad=True),
        align_corners=False,
        loss_decode=dict(
            type='CrossEntropyLoss', use_sigmoid=False, loss_weight=1.0)),
    auxiliary_head=dict(
        type='FCNHead',
        in_channels=64,
        in_index=6,
        channels=64,
        num_convs=1,
        concat_input=False,
        dropout_ratio=0.1,
        num_classes=19,
        norm_cfg=dict(type='SyncBN', requires_grad=True),
        align_corners=False,
        loss_decode=dict(
            type='CrossEntropyLoss', use_sigmoid=False, loss_weight=0.4)),
    train_cfg=dict(),
    test_cfg=dict(mode='whole'))
dataset_type = 'CityscapesDataset'
data_root = 'data/cityscapes/'
img_norm_cfg = dict(
    mean=[123.675, 116.28, 103.53], std=[58.395, 57.12, 57.375], to_rgb=True)
crop_size = (512, 1024)
train_pipeline = [
    dict(type='LoadImageFromFile'),
    dict(type='LoadAnnotations'),
    dict(type='Resize', img_scale=(2048, 1024), ratio_range=(0.5, 2.0)),
    dict(type='RandomCrop', crop_size=(512, 1024), cat_max_ratio=0.75),
    dict(type='RandomFlip', prob=0.5),
    dict(type='PhotoMetricDistortion'),
    dict(
        type='Normalize',
        mean=[123.675, 116.28, 103.53],
        std=[58.395, 57.12, 57.375],
        to_rgb=True),
    dict(type='Pad', size=(512, 1024), pad_val=0, seg_pad_val=255),
    dict(type='DefaultFormatBundle'),
    dict(type='Collect', keys=['img', 'gt_semantic_seg'])
]
test_pipeline = [
    dict(type='LoadImageFromFile'),
    dict(
        type='MultiScaleFlipAug',
        img_scale=(2048, 1024),
        flip=False,
        transforms=[
            dict(type='Resize', keep_ratio=True),
            dict(type='RandomFlip'),
            dict(
                type='Normalize',
                mean=[123.675, 116.28, 103.53],
                std=[58.395, 57.12, 57.375],
                to_rgb=True),
            dict(type='ImageToTensor', keys=['img']),
            dict(type='Collect', keys=['img'])
        ])
]
data = dict(
    samples_per_gpu=2,
    workers_per_gpu=2,
    train=dict(
        type='CityscapesDataset',
        data_root='data/cityscapes/',
        img_dir='leftImg8bit/train',
        ann_dir='gtFine/train',
        pipeline=[
            dict(type='LoadImageFromFile'),
            dict(type='LoadAnnotations'),
            dict(
                type='Resize', img_scale=(2048, 1024), ratio_range=(0.5, 2.0)),
            dict(type='RandomCrop', crop_size=(512, 1024), cat_max_ratio=0.75),
            dict(type='RandomFlip', prob=0.5),
            dict(type='PhotoMetricDistortion'),
            dict(
                type='Normalize',
                mean=[123.675, 116.28, 103.53],
                std=[58.395, 57.12, 57.375],
                to_rgb=True),
            dict(type='Pad', size=(512, 1024), pad_val=0, seg_pad_val=255),
            dict(type='DefaultFormatBundle'),
            dict(type='Collect', keys=['img', 'gt_semantic_seg'])
        ]),
    val=dict(
        type='CityscapesDataset',
        data_root='data/cityscapes/',
        img_dir='leftImg8bit/val',
        ann_dir='gtFine/val',
        pipeline=[
            dict(type='LoadImageFromFile'),
            dict(
                type='MultiScaleFlipAug',
                img_scale=(2048, 1024),
                flip=False,
                transforms=[
                    dict(type='Resize', keep_ratio=True),
                    dict(type='RandomFlip'),
                    dict(
                        type='Normalize',
                        mean=[123.675, 116.28, 103.53],
                        std=[58.395, 57.12, 57.375],
                        to_rgb=True),
                    dict(type='ImageToTensor', keys=['img']),
                    dict(type='Collect', keys=['img'])
                ])
        ]),
    test=dict(
        type='CityscapesDataset',
        data_root='data/cityscapes/',
        img_dir='leftImg8bit/val',
        ann_dir='gtFine/val',
        pipeline=[
            dict(type='LoadImageFromFile'),
            dict(
                type='MultiScaleFlipAug',
                img_scale=(2048, 1024),
                flip=False,
                transforms=[
                    dict(type='Resize', keep_ratio=True),
                    dict(type='RandomFlip'),
                    dict(
                        type='Normalize',
                        mean=[123.675, 116.28, 103.53],
                        std=[58.395, 57.12, 57.375],
                        to_rgb=True),
                    dict(type='ImageToTensor', keys=['img']),
                    dict(type='Collect', keys=['img'])
                ])
        ]))
log_config = dict(
    interval=50, hooks=[dict(type='TextLoggerHook', by_epoch=False)])
dist_params = dict(backend='nccl')
log_level = 'INFO'
load_from = None
resume_from = None
workflow = [('train', 1)]
cudnn_benchmark = True
optimizer = dict(type='SGD', lr=0.01, momentum=0.9, weight_decay=0.0005)
optimizer_config = dict()
lr_config = dict(policy='poly', power=0.9, min_lr=0.0001, by_epoch=False)
runner = dict(type='IterBasedRunner', max_iters=160000)
checkpoint_config = dict(by_epoch=False, interval=16000)
evaluation = dict(interval=16000, metric='mIoU', pre_eval=True)
work_dir = './work_dirs/fcn_unet_s8-d128-c32_enc-dilation-22222222_dec-dilation-2222222_512x1024_160k_cityscapes'
gpu_ids = range(0, 1)

2021-09-29 01:09:11,734 - mmseg - INFO - Set random seed to 0, deterministic: False
2021-09-29 01:09:24,069 - mmseg - INFO - EncoderDecoder(
  (backbone): UNet(
    (encoder): ModuleList(
      (0): Sequential(
        (0): BasicConvBlock(
          (convs): Sequential(
            (0): ConvModule(
              (conv): Conv2d(3, 32, kernel_size=(3, 3), stride=(1, 1), padding=(1, 1), bias=False)
              (bn): SyncBatchNorm(32, eps=1e-05, momentum=0.1, affine=True, track_running_stats=True)
              (activate): ReLU(inplace=True)
            )
            (1): ConvModule(
              (conv): Conv2d(32, 32, kernel_size=(3, 3), stride=(1, 1), padding=(2, 2), dilation=(2, 2), bias=False)
              (bn): SyncBatchNorm(32, eps=1e-05, momentum=0.1, affine=True, track_running_stats=True)
              (activate): ReLU(inplace=True)
            )
          )
        )
      )
      (1): Sequential(
        (0): MaxPool2d(kernel_size=2, stride=2, padding=0, dilation=1, ceil_mode=False)
        (1): BasicConvBlock(
          (convs): Sequential(
            (0): ConvModule(
              (conv): Conv2d(32, 64, kernel_size=(3, 3), stride=(1, 1), padding=(1, 1), bias=False)
              (bn): SyncBatchNorm(64, eps=1e-05, momentum=0.1, affine=True, track_running_stats=True)
              (activate): ReLU(inplace=True)
            )
            (1): ConvModule(
              (conv): Conv2d(64, 64, kernel_size=(3, 3), stride=(1, 1), padding=(2, 2), dilation=(2, 2), bias=False)
              (bn): SyncBatchNorm(64, eps=1e-05, momentum=0.1, affine=True, track_running_stats=True)
              (activate): ReLU(inplace=True)
            )
          )
        )
      )
      (2): Sequential(
        (0): MaxPool2d(kernel_size=2, stride=2, padding=0, dilation=1, ceil_mode=False)
        (1): BasicConvBlock(
          (convs): Sequential(
            (0): ConvModule(
              (conv): Conv2d(64, 128, kernel_size=(3, 3), stride=(1, 1), padding=(1, 1), bias=False)
              (bn): SyncBatchNorm(128, eps=1e-05, momentum=0.1, affine=True, track_running_stats=True)
              (activate): ReLU(inplace=True)
            )
            (1): ConvModule(
              (conv): Conv2d(128, 128, kernel_size=(3, 3), stride=(1, 1), padding=(2, 2), dilation=(2, 2), bias=False)
              (bn): SyncBatchNorm(128, eps=1e-05, momentum=0.1, affine=True, track_running_stats=True)
              (activate): ReLU(inplace=True)
            )
          )
        )
      )
      (3): Sequential(
        (0): MaxPool2d(kernel_size=2, stride=2, padding=0, dilation=1, ceil_mode=False)
        (1): BasicConvBlock(
          (convs): Sequential(
            (0): ConvModule(
              (conv): Conv2d(128, 256, kernel_size=(3, 3), stride=(1, 1), padding=(1, 1), bias=False)
              (bn): SyncBatchNorm(256, eps=1e-05, momentum=0.1, affine=True, track_running_stats=True)
              (activate): ReLU(inplace=True)
            )
            (1): ConvModule(
              (conv): Conv2d(256, 256, kernel_size=(3, 3), stride=(1, 1), padding=(2, 2), dilation=(2, 2), bias=False)
              (bn): SyncBatchNorm(256, eps=1e-05, momentum=0.1, affine=True, track_running_stats=True)
              (activate): ReLU(inplace=True)
            )
          )
        )
      )
      (4): Sequential(
        (0): MaxPool2d(kernel_size=2, stride=2, padding=0, dilation=1, ceil_mode=False)
        (1): BasicConvBlock(
          (convs): Sequential(
            (0): ConvModule(
              (conv): Conv2d(256, 512, kernel_size=(3, 3), stride=(1, 1), padding=(1, 1), bias=False)
              (bn): SyncBatchNorm(512, eps=1e-05, momentum=0.1, affine=True, track_running_stats=True)
              (activate): ReLU(inplace=True)
            )
            (1): ConvModule(
              (conv): Conv2d(512, 512, kernel_size=(3, 3), stride=(1, 1), padding=(2, 2), dilation=(2, 2), bias=False)
              (bn): SyncBatchNorm(512, eps=1e-05, momentum=0.1, affine=True, track_running_stats=True)
              (activate): ReLU(inplace=True)
            )
          )
        )
      )
      (5): Sequential(
        (0): MaxPool2d(kernel_size=2, stride=2, padding=0, dilation=1, ceil_mode=False)
        (1): BasicConvBlock(
          (convs): Sequential(
            (0): ConvModule(
              (conv): Conv2d(512, 1024, kernel_size=(3, 3), stride=(1, 1), padding=(1, 1), bias=False)
              (bn): SyncBatchNorm(1024, eps=1e-05, momentum=0.1, affine=True, track_running_stats=True)
              (activate): ReLU(inplace=True)
            )
            (1): ConvModule(
              (conv): Conv2d(1024, 1024, kernel_size=(3, 3), stride=(1, 1), padding=(2, 2), dilation=(2, 2), bias=False)
              (bn): SyncBatchNorm(1024, eps=1e-05, momentum=0.1, affine=True, track_running_stats=True)
              (activate): ReLU(inplace=True)
            )
          )
        )
      )
      (6): Sequential(
        (0): MaxPool2d(kernel_size=2, stride=2, padding=0, dilation=1, ceil_mode=False)
        (1): BasicConvBlock(
          (convs): Sequential(
            (0): ConvModule(
              (conv): Conv2d(1024, 2048, kernel_size=(3, 3), stride=(1, 1), padding=(1, 1), bias=False)
              (bn): SyncBatchNorm(2048, eps=1e-05, momentum=0.1, affine=True, track_running_stats=True)
              (activate): ReLU(inplace=True)
            )
            (1): ConvModule(
              (conv): Conv2d(2048, 2048, kernel_size=(3, 3), stride=(1, 1), padding=(2, 2), dilation=(2, 2), bias=False)
              (bn): SyncBatchNorm(2048, eps=1e-05, momentum=0.1, affine=True, track_running_stats=True)
              (activate): ReLU(inplace=True)
            )
          )
        )
      )
      (7): Sequential(
        (0): MaxPool2d(kernel_size=2, stride=2, padding=0, dilation=1, ceil_mode=False)
        (1): BasicConvBlock(
          (convs): Sequential(
            (0): ConvModule(
              (conv): Conv2d(2048, 4096, kernel_size=(3, 3), stride=(1, 1), padding=(1, 1), bias=False)
              (bn): SyncBatchNorm(4096, eps=1e-05, momentum=0.1, affine=True, track_running_stats=True)
              (activate): ReLU(inplace=True)
            )
            (1): ConvModule(
              (conv): Conv2d(4096, 4096, kernel_size=(3, 3), stride=(1, 1), padding=(2, 2), dilation=(2, 2), bias=False)
              (bn): SyncBatchNorm(4096, eps=1e-05, momentum=0.1, affine=True, track_running_stats=True)
              (activate): ReLU(inplace=True)
            )
          )
        )
      )
    )
    (decoder): ModuleList(
      (0): UpConvBlock(
        (conv_block): BasicConvBlock(
          (convs): Sequential(
            (0): ConvModule(
              (conv): Conv2d(64, 32, kernel_size=(3, 3), stride=(1, 1), padding=(1, 1), bias=False)
              (bn): SyncBatchNorm(32, eps=1e-05, momentum=0.1, affine=True, track_running_stats=True)
              (activate): ReLU(inplace=True)
            )
            (1): ConvModule(
              (conv): Conv2d(32, 32, kernel_size=(3, 3), stride=(1, 1), padding=(2, 2), dilation=(2, 2), bias=False)
              (bn): SyncBatchNorm(32, eps=1e-05, momentum=0.1, affine=True, track_running_stats=True)
              (activate): ReLU(inplace=True)
            )
          )
        )
        (upsample): InterpConv(
          (interp_upsample): Sequential(
            (0): Upsample()
            (1): ConvModule(
              (conv): Conv2d(64, 32, kernel_size=(1, 1), stride=(1, 1), bias=False)
              (bn): SyncBatchNorm(32, eps=1e-05, momentum=0.1, affine=True, track_running_stats=True)
              (activate): ReLU(inplace=True)
            )
          )
        )
      )
      (1): UpConvBlock(
        (conv_block): BasicConvBlock(
          (convs): Sequential(
            (0): ConvModule(
              (conv): Conv2d(128, 64, kernel_size=(3, 3), stride=(1, 1), padding=(1, 1), bias=False)
              (bn): SyncBatchNorm(64, eps=1e-05, momentum=0.1, affine=True, track_running_stats=True)
              (activate): ReLU(inplace=True)
            )
            (1): ConvModule(
              (conv): Conv2d(64, 64, kernel_size=(3, 3), stride=(1, 1), padding=(2, 2), dilation=(2, 2), bias=False)
              (bn): SyncBatchNorm(64, eps=1e-05, momentum=0.1, affine=True, track_running_stats=True)
              (activate): ReLU(inplace=True)
            )
          )
        )
        (upsample): InterpConv(
          (interp_upsample): Sequential(
            (0): Upsample()
            (1): ConvModule(
              (conv): Conv2d(128, 64, kernel_size=(1, 1), stride=(1, 1), bias=False)
              (bn): SyncBatchNorm(64, eps=1e-05, momentum=0.1, affine=True, track_running_stats=True)
              (activate): ReLU(inplace=True)
            )
          )
        )
      )
      (2): UpConvBlock(
        (conv_block): BasicConvBlock(
          (convs): Sequential(
            (0): ConvModule(
              (conv): Conv2d(256, 128, kernel_size=(3, 3), stride=(1, 1), padding=(1, 1), bias=False)
              (bn): SyncBatchNorm(128, eps=1e-05, momentum=0.1, affine=True, track_running_stats=True)
              (activate): ReLU(inplace=True)
            )
            (1): ConvModule(
              (conv): Conv2d(128, 128, kernel_size=(3, 3), stride=(1, 1), padding=(2, 2), dilation=(2, 2), bias=False)
              (bn): SyncBatchNorm(128, eps=1e-05, momentum=0.1, affine=True, track_running_stats=True)
              (activate): ReLU(inplace=True)
            )
          )
        )
        (upsample): InterpConv(
          (interp_upsample): Sequential(
            (0): Upsample()
            (1): ConvModule(
              (conv): Conv2d(256, 128, kernel_size=(1, 1), stride=(1, 1), bias=False)
              (bn): SyncBatchNorm(128, eps=1e-05, momentum=0.1, affine=True, track_running_stats=True)
              (activate): ReLU(inplace=True)
            )
          )
        )
      )
      (3): UpConvBlock(
        (conv_block): BasicConvBlock(
          (convs): Sequential(
            (0): ConvModule(
              (conv): Conv2d(512, 256, kernel_size=(3, 3), stride=(1, 1), padding=(1, 1), bias=False)
              (bn): SyncBatchNorm(256, eps=1e-05, momentum=0.1, affine=True, track_running_stats=True)
              (activate): ReLU(inplace=True)
            )
            (1): ConvModule(
              (conv): Conv2d(256, 256, kernel_size=(3, 3), stride=(1, 1), padding=(2, 2), dilation=(2, 2), bias=False)
              (bn): SyncBatchNorm(256, eps=1e-05, momentum=0.1, affine=True, track_running_stats=True)
              (activate): ReLU(inplace=True)
            )
          )
        )
        (upsample): InterpConv(
          (interp_upsample): Sequential(
            (0): Upsample()
            (1): ConvModule(
              (conv): Conv2d(512, 256, kernel_size=(1, 1), stride=(1, 1), bias=False)
              (bn): SyncBatchNorm(256, eps=1e-05, momentum=0.1, affine=True, track_running_stats=True)
              (activate): ReLU(inplace=True)
            )
          )
        )
      )
      (4): UpConvBlock(
        (conv_block): BasicConvBlock(
          (convs): Sequential(
            (0): ConvModule(
              (conv): Conv2d(1024, 512, kernel_size=(3, 3), stride=(1, 1), padding=(1, 1), bias=False)
              (bn): SyncBatchNorm(512, eps=1e-05, momentum=0.1, affine=True, track_running_stats=True)
              (activate): ReLU(inplace=True)
            )
            (1): ConvModule(
              (conv): Conv2d(512, 512, kernel_size=(3, 3), stride=(1, 1), padding=(2, 2), dilation=(2, 2), bias=False)
              (bn): SyncBatchNorm(512, eps=1e-05, momentum=0.1, affine=True, track_running_stats=True)
              (activate): ReLU(inplace=True)
            )
          )
        )
        (upsample): InterpConv(
          (interp_upsample): Sequential(
            (0): Upsample()
            (1): ConvModule(
              (conv): Conv2d(1024, 512, kernel_size=(1, 1), stride=(1, 1), bias=False)
              (bn): SyncBatchNorm(512, eps=1e-05, momentum=0.1, affine=True, track_running_stats=True)
              (activate): ReLU(inplace=True)
            )
          )
        )
      )
      (5): UpConvBlock(
        (conv_block): BasicConvBlock(
          (convs): Sequential(
            (0): ConvModule(
              (conv): Conv2d(2048, 1024, kernel_size=(3, 3), stride=(1, 1), padding=(1, 1), bias=False)
              (bn): SyncBatchNorm(1024, eps=1e-05, momentum=0.1, affine=True, track_running_stats=True)
              (activate): ReLU(inplace=True)
            )
            (1): ConvModule(
              (conv): Conv2d(1024, 1024, kernel_size=(3, 3), stride=(1, 1), padding=(2, 2), dilation=(2, 2), bias=False)
              (bn): SyncBatchNorm(1024, eps=1e-05, momentum=0.1, affine=True, track_running_stats=True)
              (activate): ReLU(inplace=True)
            )
          )
        )
        (upsample): InterpConv(
          (interp_upsample): Sequential(
            (0): Upsample()
            (1): ConvModule(
              (conv): Conv2d(2048, 1024, kernel_size=(1, 1), stride=(1, 1), bias=False)
              (bn): SyncBatchNorm(1024, eps=1e-05, momentum=0.1, affine=True, track_running_stats=True)
              (activate): ReLU(inplace=True)
            )
          )
        )
      )
      (6): UpConvBlock(
        (conv_block): BasicConvBlock(
          (convs): Sequential(
            (0): ConvModule(
              (conv): Conv2d(4096, 2048, kernel_size=(3, 3), stride=(1, 1), padding=(1, 1), bias=False)
              (bn): SyncBatchNorm(2048, eps=1e-05, momentum=0.1, affine=True, track_running_stats=True)
              (activate): ReLU(inplace=True)
            )
            (1): ConvModule(
              (conv): Conv2d(2048, 2048, kernel_size=(3, 3), stride=(1, 1), padding=(2, 2), dilation=(2, 2), bias=False)
              (bn): SyncBatchNorm(2048, eps=1e-05, momentum=0.1, affine=True, track_running_stats=True)
              (activate): ReLU(inplace=True)
            )
          )
        )
        (upsample): InterpConv(
          (interp_upsample): Sequential(
            (0): Upsample()
            (1): ConvModule(
              (conv): Conv2d(4096, 2048, kernel_size=(1, 1), stride=(1, 1), bias=False)
              (bn): SyncBatchNorm(2048, eps=1e-05, momentum=0.1, affine=True, track_running_stats=True)
              (activate): ReLU(inplace=True)
            )
          )
        )
      )
    )
  )
  init_cfg=[{'type': 'Kaiming', 'layer': 'Conv2d'}, {'type': 'Constant', 'val': 1, 'layer': ['_BatchNorm', 'GroupNorm']}]
  (decode_head): FCNHead(
    input_transform=None, ignore_index=255, align_corners=False
    (loss_decode): CrossEntropyLoss()
    (conv_seg): Conv2d(64, 19, kernel_size=(1, 1), stride=(1, 1))
    (dropout): Dropout2d(p=0.1, inplace=False)
    (convs): Sequential(
      (0): ConvModule(
        (conv): Conv2d(32, 64, kernel_size=(3, 3), stride=(1, 1), padding=(1, 1), bias=False)
        (bn): SyncBatchNorm(64, eps=1e-05, momentum=0.1, affine=True, track_running_stats=True)
        (activate): ReLU(inplace=True)
      )
    )
  )
  init_cfg={'type': 'Normal', 'std': 0.01, 'override': {'name': 'conv_seg'}}
  (auxiliary_head): FCNHead(
    input_transform=None, ignore_index=255, align_corners=False
    (loss_decode): CrossEntropyLoss()
    (conv_seg): Conv2d(64, 19, kernel_size=(1, 1), stride=(1, 1))
    (dropout): Dropout2d(p=0.1, inplace=False)
    (convs): Sequential(
      (0): ConvModule(
        (conv): Conv2d(64, 64, kernel_size=(3, 3), stride=(1, 1), padding=(1, 1), bias=False)
        (bn): SyncBatchNorm(64, eps=1e-05, momentum=0.1, affine=True, track_running_stats=True)
        (activate): ReLU(inplace=True)
      )
    )
  )
  init_cfg={'type': 'Normal', 'std': 0.01, 'override': {'name': 'conv_seg'}}
)
2021-09-29 01:09:24,251 - mmseg - INFO - Loaded 2975 images
2021-09-29 01:09:40,912 - mmseg - INFO - Loaded 500 images
2021-09-29 01:09:40,916 - mmseg - INFO - Start running, host: hejunjun@SH-IDC1-10-198-4-69, work_dir: /mnt/lustre/hejunjun/open-mmlab/icnet/work_dirs/fcn_unet_s8-d128-c32_enc-dilation-22222222_dec-dilation-2222222_512x1024_160k_cityscapes
2021-09-29 01:09:40,916 - mmseg - INFO - Hooks will be executed in the following order:
before_run:
(VERY_HIGH   ) PolyLrUpdaterHook                  
(NORMAL      ) CheckpointHook                     
(LOW         ) DistEvalHook                       
(VERY_LOW    ) TextLoggerHook                     
 -------------------- 
before_train_epoch:
(VERY_HIGH   ) PolyLrUpdaterHook                  
(NORMAL      ) IterTimerHook                      
(LOW         ) DistEvalHook                       
(VERY_LOW    ) TextLoggerHook                     
 -------------------- 
before_train_iter:
(VERY_HIGH   ) PolyLrUpdaterHook                  
(NORMAL      ) IterTimerHook                      
(LOW         ) DistEvalHook                       
 -------------------- 
after_train_iter:
(ABOVE_NORMAL) OptimizerHook                      
(NORMAL      ) CheckpointHook                     
(NORMAL      ) IterTimerHook                      
(LOW         ) DistEvalHook                       
(VERY_LOW    ) TextLoggerHook                     
 -------------------- 
after_train_epoch:
(NORMAL      ) CheckpointHook                     
(LOW         ) DistEvalHook                       
(VERY_LOW    ) TextLoggerHook                     
 -------------------- 
before_val_epoch:
(NORMAL      ) IterTimerHook                      
(VERY_LOW    ) TextLoggerHook                     
 -------------------- 
before_val_iter:
(NORMAL      ) IterTimerHook                      
 -------------------- 
after_val_iter:
(NORMAL      ) IterTimerHook                      
(VERY_LOW    ) TextLoggerHook                     
 -------------------- 
after_val_epoch:
(VERY_LOW    ) TextLoggerHook                     
 -------------------- 
2021-09-29 01:09:40,916 - mmseg - INFO - workflow: [('train', 1)], max: 160000 iters
2021-09-29 01:13:40,603 - mmseg - INFO - Iter [50/160000]	lr: 9.997e-03, eta: 1 day, 23:50:46, time: 1.077, data_time: 0.249, memory: 25203, decode.loss_seg: 2.0373, decode.acc_seg: 33.1246, aux.loss_seg: 0.8981, aux.acc_seg: 31.1364, loss: 2.9354
2021-09-29 01:13:58,190 - mmseg - INFO - Iter [100/160000]	lr: 9.994e-03, eta: 1 day, 8:17:42, time: 0.377, data_time: 0.041, memory: 25203, decode.loss_seg: 1.6792, decode.acc_seg: 40.9894, aux.loss_seg: 0.7057, aux.acc_seg: 40.6448, loss: 2.3849
2021-09-29 01:14:21,026 - mmseg - INFO - Iter [150/160000]	lr: 9.992e-03, eta: 1 day, 4:16:58, time: 0.457, data_time: 0.059, memory: 25203, decode.loss_seg: 1.5369, decode.acc_seg: 43.9467, aux.loss_seg: 0.6201, aux.acc_seg: 45.6105, loss: 2.1570
2021-09-29 01:15:07,251 - mmseg - INFO - Iter [200/160000]	lr: 9.989e-03, eta: 1 day, 7:26:20, time: 0.922, data_time: 0.336, memory: 25203, decode.loss_seg: 1.6453, decode.acc_seg: 42.8124, aux.loss_seg: 0.6530, aux.acc_seg: 44.1563, loss: 2.2983
2021-09-29 01:15:39,645 - mmseg - INFO - Iter [250/160000]	lr: 9.986e-03, eta: 1 day, 6:54:43, time: 0.650, data_time: 0.231, memory: 25203, decode.loss_seg: 1.5708, decode.acc_seg: 48.2029, aux.loss_seg: 0.6127, aux.acc_seg: 49.1761, loss: 2.1835
2021-09-29 01:15:59,930 - mmseg - INFO - Iter [300/160000]	lr: 9.983e-03, eta: 1 day, 4:45:04, time: 0.406, data_time: 0.023, memory: 25203, decode.loss_seg: 1.4291, decode.acc_seg: 51.8279, aux.loss_seg: 0.5636, aux.acc_seg: 52.4048, loss: 1.9927
2021-09-29 01:16:28,308 - mmseg - INFO - Iter [350/160000]	lr: 9.981e-03, eta: 1 day, 4:11:59, time: 0.562, data_time: 0.070, memory: 25203, decode.loss_seg: 1.4577, decode.acc_seg: 50.1753, aux.loss_seg: 0.5749, aux.acc_seg: 51.6610, loss: 2.0326
2021-09-29 01:16:59,403 - mmseg - INFO - Iter [400/160000]	lr: 9.978e-03, eta: 1 day, 4:08:28, time: 0.627, data_time: 0.143, memory: 25203, decode.loss_seg: 1.3447, decode.acc_seg: 54.3423, aux.loss_seg: 0.5328, aux.acc_seg: 55.0179, loss: 1.8775
2021-09-29 01:17:46,459 - mmseg - INFO - Iter [450/160000]	lr: 9.975e-03, eta: 1 day, 5:37:51, time: 0.939, data_time: 0.373, memory: 25203, decode.loss_seg: 1.3429, decode.acc_seg: 53.6320, aux.loss_seg: 0.5332, aux.acc_seg: 54.3790, loss: 1.8761
2021-09-29 01:18:16,967 - mmseg - INFO - Iter [500/160000]	lr: 9.972e-03, eta: 1 day, 5:22:12, time: 0.612, data_time: 0.146, memory: 25203, decode.loss_seg: 1.3506, decode.acc_seg: 54.1367, aux.loss_seg: 0.5392, aux.acc_seg: 55.1598, loss: 1.8898
2021-09-29 01:18:43,746 - mmseg - INFO - Iter [550/160000]	lr: 9.969e-03, eta: 1 day, 4:50:41, time: 0.535, data_time: 0.095, memory: 25203, decode.loss_seg: 1.2711, decode.acc_seg: 56.3307, aux.loss_seg: 0.5047, aux.acc_seg: 56.6927, loss: 1.7758
2021-09-29 01:19:15,610 - mmseg - INFO - Iter [600/160000]	lr: 9.967e-03, eta: 1 day, 4:47:14, time: 0.638, data_time: 0.134, memory: 25203, decode.loss_seg: 1.3227, decode.acc_seg: 54.1443, aux.loss_seg: 0.5202, aux.acc_seg: 54.9658, loss: 1.8428
2021-09-29 01:19:50,875 - mmseg - INFO - Iter [650/160000]	lr: 9.964e-03, eta: 1 day, 4:57:39, time: 0.704, data_time: 0.098, memory: 25203, decode.loss_seg: 1.3349, decode.acc_seg: 52.5609, aux.loss_seg: 0.5338, aux.acc_seg: 52.6475, loss: 1.8687
2021-09-29 01:20:14,050 - mmseg - INFO - Iter [700/160000]	lr: 9.961e-03, eta: 1 day, 4:21:13, time: 0.465, data_time: 0.057, memory: 25203, decode.loss_seg: 1.2996, decode.acc_seg: 55.1203, aux.loss_seg: 0.5190, aux.acc_seg: 54.9090, loss: 1.8186
2021-09-29 01:20:40,622 - mmseg - INFO - Iter [750/160000]	lr: 9.958e-03, eta: 1 day, 4:00:26, time: 0.526, data_time: 0.010, memory: 25203, decode.loss_seg: 1.3489, decode.acc_seg: 53.2527, aux.loss_seg: 0.5387, aux.acc_seg: 54.4657, loss: 1.8876
2021-09-29 01:21:01,961 - mmseg - INFO - Iter [800/160000]	lr: 9.955e-03, eta: 1 day, 3:26:14, time: 0.430, data_time: 0.055, memory: 25203, decode.loss_seg: 1.3366, decode.acc_seg: 55.0423, aux.loss_seg: 0.5304, aux.acc_seg: 55.5160, loss: 1.8670
2021-09-29 01:21:33,020 - mmseg - INFO - Iter [850/160000]	lr: 9.953e-03, eta: 1 day, 3:25:50, time: 0.621, data_time: 0.109, memory: 25203, decode.loss_seg: 1.3031, decode.acc_seg: 57.0589, aux.loss_seg: 0.5154, aux.acc_seg: 57.6492, loss: 1.8185
2021-09-29 01:21:57,785 - mmseg - INFO - Iter [900/160000]	lr: 9.950e-03, eta: 1 day, 3:06:55, time: 0.496, data_time: 0.058, memory: 25203, decode.loss_seg: 1.3268, decode.acc_seg: 55.2727, aux.loss_seg: 0.5294, aux.acc_seg: 55.3223, loss: 1.8562
2021-09-29 01:22:26,819 - mmseg - INFO - Iter [950/160000]	lr: 9.947e-03, eta: 1 day, 3:02:01, time: 0.582, data_time: 0.127, memory: 25203, decode.loss_seg: 1.2112, decode.acc_seg: 59.4185, aux.loss_seg: 0.4822, aux.acc_seg: 59.8627, loss: 1.6934
2021-09-29 01:22:56,184 - mmseg - INFO - Exp name: fcn_unet_s8-d128-c32_enc-dilation-22222222_dec-dilation-2222222_512x1024_160k_cityscapes.py
2021-09-29 01:22:56,191 - mmseg - INFO - Iter [1000/160000]	lr: 9.944e-03, eta: 1 day, 2:58:15, time: 0.587, data_time: 0.192, memory: 25203, decode.loss_seg: 1.1495, decode.acc_seg: 60.9329, aux.loss_seg: 0.4621, aux.acc_seg: 61.7848, loss: 1.6116
2021-09-29 01:23:18,074 - mmseg - INFO - Iter [1050/160000]	lr: 9.942e-03, eta: 1 day, 2:35:09, time: 0.432, data_time: 0.019, memory: 25203, decode.loss_seg: 1.1464, decode.acc_seg: 58.8806, aux.loss_seg: 0.4579, aux.acc_seg: 60.0154, loss: 1.6042
2021-09-29 01:23:41,569 - mmseg - INFO - Iter [1100/160000]	lr: 9.939e-03, eta: 1 day, 2:19:29, time: 0.476, data_time: 0.051, memory: 25203, decode.loss_seg: 1.1009, decode.acc_seg: 61.1254, aux.loss_seg: 0.4325, aux.acc_seg: 62.6149, loss: 1.5334
2021-09-29 01:24:13,256 - mmseg - INFO - Iter [1150/160000]	lr: 9.936e-03, eta: 1 day, 2:23:17, time: 0.634, data_time: 0.133, memory: 25203, decode.loss_seg: 1.1924, decode.acc_seg: 57.2831, aux.loss_seg: 0.4736, aux.acc_seg: 58.5424, loss: 1.6660
2021-09-29 01:24:37,380 - mmseg - INFO - Iter [1200/160000]	lr: 9.933e-03, eta: 1 day, 2:10:00, time: 0.482, data_time: 0.041, memory: 25203, decode.loss_seg: 1.1367, decode.acc_seg: 57.5860, aux.loss_seg: 0.4478, aux.acc_seg: 58.9330, loss: 1.5845
2021-09-29 01:24:58,347 - mmseg - INFO - Iter [1250/160000]	lr: 9.930e-03, eta: 1 day, 1:51:08, time: 0.420, data_time: 0.030, memory: 25203, decode.loss_seg: 1.1543, decode.acc_seg: 59.5912, aux.loss_seg: 0.4605, aux.acc_seg: 60.2461, loss: 1.6147
2021-09-29 01:25:31,352 - mmseg - INFO - Iter [1300/160000]	lr: 9.928e-03, eta: 1 day, 1:58:09, time: 0.660, data_time: 0.182, memory: 25203, decode.loss_seg: 1.1530, decode.acc_seg: 58.6754, aux.loss_seg: 0.4612, aux.acc_seg: 58.8765, loss: 1.6142
2021-09-29 01:25:58,265 - mmseg - INFO - Iter [1350/160000]	lr: 9.925e-03, eta: 1 day, 1:52:24, time: 0.535, data_time: 0.013, memory: 25203, decode.loss_seg: 1.1564, decode.acc_seg: 59.4180, aux.loss_seg: 0.4576, aux.acc_seg: 60.2746, loss: 1.6140
2021-09-29 01:26:28,459 - mmseg - INFO - Iter [1400/160000]	lr: 9.922e-03, eta: 1 day, 1:53:45, time: 0.607, data_time: 0.114, memory: 25203, decode.loss_seg: 1.4636, decode.acc_seg: 49.2156, aux.loss_seg: 0.5761, aux.acc_seg: 50.1361, loss: 2.0397
2021-09-29 01:26:53,433 - mmseg - INFO - Iter [1450/160000]	lr: 9.919e-03, eta: 1 day, 1:45:13, time: 0.499, data_time: 0.115, memory: 25203, decode.loss_seg: 1.2813, decode.acc_seg: 55.9694, aux.loss_seg: 0.5084, aux.acc_seg: 56.9358, loss: 1.7897
2021-09-29 01:27:38,660 - mmseg - INFO - Iter [1500/160000]	lr: 9.916e-03, eta: 1 day, 2:12:46, time: 0.903, data_time: 0.310, memory: 25203, decode.loss_seg: 1.1293, decode.acc_seg: 60.1156, aux.loss_seg: 0.4518, aux.acc_seg: 60.3679, loss: 1.5810
2021-09-29 01:28:02,934 - mmseg - INFO - Iter [1550/160000]	lr: 9.914e-03, eta: 1 day, 2:02:49, time: 0.485, data_time: 0.023, memory: 25203, decode.loss_seg: 1.1418, decode.acc_seg: 58.0529, aux.loss_seg: 0.4543, aux.acc_seg: 58.6627, loss: 1.5961
2021-09-29 01:28:30,470 - mmseg - INFO - Iter [1600/160000]	lr: 9.911e-03, eta: 1 day, 1:59:08, time: 0.553, data_time: 0.087, memory: 25203, decode.loss_seg: 1.2006, decode.acc_seg: 57.3034, aux.loss_seg: 0.4819, aux.acc_seg: 58.4426, loss: 1.6825
2021-09-29 01:29:25,654 - mmseg - INFO - Iter [1650/160000]	lr: 9.908e-03, eta: 1 day, 2:39:40, time: 1.104, data_time: 0.475, memory: 25203, decode.loss_seg: 1.1465, decode.acc_seg: 61.7829, aux.loss_seg: 0.4618, aux.acc_seg: 61.9921, loss: 1.6083
2021-09-29 01:29:48,900 - mmseg - INFO - Iter [1700/160000]	lr: 9.905e-03, eta: 1 day, 2:28:11, time: 0.465, data_time: 0.080, memory: 25203, decode.loss_seg: 1.0713, decode.acc_seg: 60.1787, aux.loss_seg: 0.4239, aux.acc_seg: 61.2030, loss: 1.4952
2021-09-29 01:30:08,560 - mmseg - INFO - Iter [1750/160000]	lr: 9.903e-03, eta: 1 day, 2:11:56, time: 0.393, data_time: 0.016, memory: 25203, decode.loss_seg: 1.1062, decode.acc_seg: 59.0693, aux.loss_seg: 0.4384, aux.acc_seg: 59.5294, loss: 1.5446
2021-09-29 01:30:41,288 - mmseg - INFO - Iter [1800/160000]	lr: 9.900e-03, eta: 1 day, 2:15:33, time: 0.652, data_time: 0.137, memory: 25203, decode.loss_seg: 1.1593, decode.acc_seg: 60.0104, aux.loss_seg: 0.4634, aux.acc_seg: 60.3036, loss: 1.6227
2021-09-29 01:31:03,674 - mmseg - INFO - Iter [1850/160000]	lr: 9.897e-03, eta: 1 day, 2:04:35, time: 0.451, data_time: 0.104, memory: 25203, decode.loss_seg: 1.1175, decode.acc_seg: 62.2826, aux.loss_seg: 0.4407, aux.acc_seg: 63.5212, loss: 1.5582
2021-09-29 01:31:34,483 - mmseg - INFO - Iter [1900/160000]	lr: 9.894e-03, eta: 1 day, 2:05:30, time: 0.614, data_time: 0.088, memory: 25203, decode.loss_seg: 1.1279, decode.acc_seg: 58.9673, aux.loss_seg: 0.4502, aux.acc_seg: 59.7615, loss: 1.5781
2021-09-29 01:31:56,333 - mmseg - INFO - Iter [1950/160000]	lr: 9.891e-03, eta: 1 day, 1:54:32, time: 0.439, data_time: 0.122, memory: 25203, decode.loss_seg: 1.1850, decode.acc_seg: 60.6397, aux.loss_seg: 0.4567, aux.acc_seg: 61.5577, loss: 1.6417
2021-09-29 01:32:19,634 - mmseg - INFO - Exp name: fcn_unet_s8-d128-c32_enc-dilation-22222222_dec-dilation-2222222_512x1024_160k_cityscapes.py
2021-09-29 01:32:19,685 - mmseg - INFO - Iter [2000/160000]	lr: 9.889e-03, eta: 1 day, 1:45:52, time: 0.466, data_time: 0.038, memory: 25203, decode.loss_seg: 1.1000, decode.acc_seg: 61.8295, aux.loss_seg: 0.4320, aux.acc_seg: 63.1421, loss: 1.5320
2021-09-29 01:32:46,281 - mmseg - INFO - Iter [2050/160000]	lr: 9.886e-03, eta: 1 day, 1:41:50, time: 0.532, data_time: 0.110, memory: 25203, decode.loss_seg: 1.1104, decode.acc_seg: 61.3856, aux.loss_seg: 0.4417, aux.acc_seg: 62.3931, loss: 1.5521
2021-09-29 01:33:10,143 - mmseg - INFO - Iter [2100/160000]	lr: 9.883e-03, eta: 1 day, 1:34:37, time: 0.478, data_time: 0.161, memory: 25203, decode.loss_seg: 1.0568, decode.acc_seg: 61.4980, aux.loss_seg: 0.4165, aux.acc_seg: 62.0103, loss: 1.4733
2021-09-29 01:33:41,992 - mmseg - INFO - Iter [2150/160000]	lr: 9.880e-03, eta: 1 day, 1:37:25, time: 0.637, data_time: 0.186, memory: 25203, decode.loss_seg: 1.1133, decode.acc_seg: 61.3545, aux.loss_seg: 0.4479, aux.acc_seg: 62.0437, loss: 1.5612
2021-09-29 01:34:07,334 - mmseg - INFO - Iter [2200/160000]	lr: 9.877e-03, eta: 1 day, 1:32:17, time: 0.507, data_time: 0.014, memory: 25203, decode.loss_seg: 1.1914, decode.acc_seg: 59.1424, aux.loss_seg: 0.4771, aux.acc_seg: 59.0579, loss: 1.6684
2021-09-29 01:34:32,203 - mmseg - INFO - Iter [2250/160000]	lr: 9.875e-03, eta: 1 day, 1:26:44, time: 0.496, data_time: 0.021, memory: 25203, decode.loss_seg: 1.2315, decode.acc_seg: 55.5256, aux.loss_seg: 0.4859, aux.acc_seg: 56.8739, loss: 1.7174
2021-09-29 01:34:55,361 - mmseg - INFO - Iter [2300/160000]	lr: 9.872e-03, eta: 1 day, 1:19:43, time: 0.466, data_time: 0.096, memory: 25203, decode.loss_seg: 1.0219, decode.acc_seg: 62.7017, aux.loss_seg: 0.3978, aux.acc_seg: 63.0238, loss: 1.4197
2021-09-29 01:35:28,793 - mmseg - INFO - Iter [2350/160000]	lr: 9.869e-03, eta: 1 day, 1:24:13, time: 0.667, data_time: 0.113, memory: 25203, decode.loss_seg: 1.0626, decode.acc_seg: 61.4957, aux.loss_seg: 0.4182, aux.acc_seg: 62.0092, loss: 1.4808
2021-09-29 01:35:58,090 - mmseg - INFO - Iter [2400/160000]	lr: 9.866e-03, eta: 1 day, 1:24:00, time: 0.585, data_time: 0.071, memory: 25203, decode.loss_seg: 1.1198, decode.acc_seg: 60.3795, aux.loss_seg: 0.4361, aux.acc_seg: 61.6733, loss: 1.5559
2021-09-29 01:36:32,372 - mmseg - INFO - Iter [2450/160000]	lr: 9.864e-03, eta: 1 day, 1:29:12, time: 0.686, data_time: 0.097, memory: 25203, decode.loss_seg: 1.0307, decode.acc_seg: 63.4490, aux.loss_seg: 0.4070, aux.acc_seg: 63.8347, loss: 1.4377
2021-09-29 01:36:54,925 - mmseg - INFO - Iter [2500/160000]	lr: 9.861e-03, eta: 1 day, 1:21:50, time: 0.451, data_time: 0.014, memory: 25203, decode.loss_seg: 1.1584, decode.acc_seg: 57.9936, aux.loss_seg: 0.4574, aux.acc_seg: 58.9767, loss: 1.6157
2021-09-29 01:37:37,520 - mmseg - INFO - Iter [2550/160000]	lr: 9.858e-03, eta: 1 day, 1:35:16, time: 0.850, data_time: 0.216, memory: 25203, decode.loss_seg: 1.0145, decode.acc_seg: 62.8023, aux.loss_seg: 0.4075, aux.acc_seg: 62.9498, loss: 1.4219
2021-09-29 01:38:01,890 - mmseg - INFO - Iter [2600/160000]	lr: 9.855e-03, eta: 1 day, 1:29:55, time: 0.489, data_time: 0.110, memory: 25203, decode.loss_seg: 0.9954, decode.acc_seg: 63.7558, aux.loss_seg: 0.3954, aux.acc_seg: 64.5087, loss: 1.3908
2021-09-29 01:38:31,029 - mmseg - INFO - Iter [2650/160000]	lr: 9.852e-03, eta: 1 day, 1:29:26, time: 0.583, data_time: 0.118, memory: 25203, decode.loss_seg: 1.0631, decode.acc_seg: 62.9505, aux.loss_seg: 0.4136, aux.acc_seg: 63.5277, loss: 1.4767
2021-09-29 01:38:55,563 - mmseg - INFO - Iter [2700/160000]	lr: 9.850e-03, eta: 1 day, 1:24:23, time: 0.489, data_time: 0.053, memory: 25203, decode.loss_seg: 1.0795, decode.acc_seg: 63.6059, aux.loss_seg: 0.4237, aux.acc_seg: 64.3147, loss: 1.5032
2021-09-29 01:39:29,608 - mmseg - INFO - Iter [2750/160000]	lr: 9.847e-03, eta: 1 day, 1:28:40, time: 0.681, data_time: 0.184, memory: 25203, decode.loss_seg: 1.0258, decode.acc_seg: 62.6130, aux.loss_seg: 0.4003, aux.acc_seg: 63.2804, loss: 1.4261
2021-09-29 01:39:51,402 - mmseg - INFO - Iter [2800/160000]	lr: 9.844e-03, eta: 1 day, 1:21:19, time: 0.437, data_time: 0.058, memory: 25203, decode.loss_seg: 0.9647, decode.acc_seg: 65.3224, aux.loss_seg: 0.3854, aux.acc_seg: 65.6414, loss: 1.3501
2021-09-29 01:40:34,329 - mmseg - INFO - Iter [2850/160000]	lr: 9.841e-03, eta: 1 day, 1:33:36, time: 0.859, data_time: 0.324, memory: 25203, decode.loss_seg: 1.0192, decode.acc_seg: 62.8103, aux.loss_seg: 0.4021, aux.acc_seg: 63.8532, loss: 1.4213
2021-09-29 01:40:59,537 - mmseg - INFO - Iter [2900/160000]	lr: 9.838e-03, eta: 1 day, 1:29:26, time: 0.504, data_time: 0.071, memory: 25203, decode.loss_seg: 1.0360, decode.acc_seg: 63.9614, aux.loss_seg: 0.4074, aux.acc_seg: 64.6152, loss: 1.4434
2021-09-29 01:41:29,521 - mmseg - INFO - Iter [2950/160000]	lr: 9.836e-03, eta: 1 day, 1:29:32, time: 0.597, data_time: 0.156, memory: 25203, decode.loss_seg: 1.0783, decode.acc_seg: 61.8762, aux.loss_seg: 0.4313, aux.acc_seg: 62.0124, loss: 1.5096
2021-09-29 01:41:53,505 - mmseg - INFO - Exp name: fcn_unet_s8-d128-c32_enc-dilation-22222222_dec-dilation-2222222_512x1024_160k_cityscapes.py
2021-09-29 01:41:53,584 - mmseg - INFO - Iter [3000/160000]	lr: 9.833e-03, eta: 1 day, 1:24:35, time: 0.482, data_time: 0.027, memory: 25203, decode.loss_seg: 1.1514, decode.acc_seg: 61.4828, aux.loss_seg: 0.4565, aux.acc_seg: 61.8988, loss: 1.6079
2021-09-29 01:42:24,851 - mmseg - INFO - Iter [3050/160000]	lr: 9.830e-03, eta: 1 day, 1:25:54, time: 0.625, data_time: 0.153, memory: 25203, decode.loss_seg: 1.0709, decode.acc_seg: 62.3405, aux.loss_seg: 0.4199, aux.acc_seg: 63.2948, loss: 1.4908
2021-09-29 01:42:45,320 - mmseg - INFO - Iter [3100/160000]	lr: 9.827e-03, eta: 1 day, 1:18:04, time: 0.409, data_time: 0.057, memory: 25203, decode.loss_seg: 1.1194, decode.acc_seg: 63.3090, aux.loss_seg: 0.4394, aux.acc_seg: 63.8345, loss: 1.5588
2021-09-29 01:43:05,011 - mmseg - INFO - Iter [3150/160000]	lr: 9.824e-03, eta: 1 day, 1:09:52, time: 0.395, data_time: 0.028, memory: 25203, decode.loss_seg: 0.9151, decode.acc_seg: 67.1012, aux.loss_seg: 0.3612, aux.acc_seg: 67.6490, loss: 1.2763
2021-09-29 01:43:40,981 - mmseg - INFO - Iter [3200/160000]	lr: 9.822e-03, eta: 1 day, 1:15:10, time: 0.719, data_time: 0.256, memory: 25203, decode.loss_seg: 0.9943, decode.acc_seg: 65.3708, aux.loss_seg: 0.3976, aux.acc_seg: 65.4237, loss: 1.3919
2021-09-29 01:44:08,644 - mmseg - INFO - Iter [3250/160000]	lr: 9.819e-03, eta: 1 day, 1:13:41, time: 0.555, data_time: 0.059, memory: 25203, decode.loss_seg: 0.9749, decode.acc_seg: 66.0639, aux.loss_seg: 0.3911, aux.acc_seg: 65.9510, loss: 1.3661
2021-09-29 01:44:32,782 - mmseg - INFO - Iter [3300/160000]	lr: 9.816e-03, eta: 1 day, 1:09:19, time: 0.481, data_time: 0.099, memory: 25203, decode.loss_seg: 1.0406, decode.acc_seg: 64.9654, aux.loss_seg: 0.4186, aux.acc_seg: 64.9143, loss: 1.4592
2021-09-29 01:45:07,561 - mmseg - INFO - Iter [3350/160000]	lr: 9.813e-03, eta: 1 day, 1:13:24, time: 0.695, data_time: 0.137, memory: 25203, decode.loss_seg: 0.9601, decode.acc_seg: 66.1382, aux.loss_seg: 0.3759, aux.acc_seg: 66.6592, loss: 1.3361
2021-09-29 01:45:31,987 - mmseg - INFO - Iter [3400/160000]	lr: 9.811e-03, eta: 1 day, 1:09:30, time: 0.490, data_time: 0.055, memory: 25203, decode.loss_seg: 1.0294, decode.acc_seg: 64.2845, aux.loss_seg: 0.4074, aux.acc_seg: 64.6408, loss: 1.4368
2021-09-29 01:46:01,538 - mmseg - INFO - Iter [3450/160000]	lr: 9.808e-03, eta: 1 day, 1:09:27, time: 0.590, data_time: 0.120, memory: 25203, decode.loss_seg: 1.0001, decode.acc_seg: 63.4779, aux.loss_seg: 0.3896, aux.acc_seg: 64.6486, loss: 1.3897
2021-09-29 01:46:37,165 - mmseg - INFO - Iter [3500/160000]	lr: 9.805e-03, eta: 1 day, 1:13:57, time: 0.712, data_time: 0.226, memory: 25203, decode.loss_seg: 1.0760, decode.acc_seg: 63.0198, aux.loss_seg: 0.4241, aux.acc_seg: 63.5155, loss: 1.5001
2021-09-29 01:47:02,475 - mmseg - INFO - Iter [3550/160000]	lr: 9.802e-03, eta: 1 day, 1:10:48, time: 0.508, data_time: 0.024, memory: 25203, decode.loss_seg: 1.0113, decode.acc_seg: 64.7093, aux.loss_seg: 0.4022, aux.acc_seg: 65.0933, loss: 1.4135
2021-09-29 01:47:34,443 - mmseg - INFO - Iter [3600/160000]	lr: 9.799e-03, eta: 1 day, 1:12:29, time: 0.639, data_time: 0.103, memory: 25203, decode.loss_seg: 0.9463, decode.acc_seg: 66.0702, aux.loss_seg: 0.3731, aux.acc_seg: 66.3909, loss: 1.3194
2021-09-29 01:47:59,003 - mmseg - INFO - Iter [3650/160000]	lr: 9.797e-03, eta: 1 day, 1:08:48, time: 0.490, data_time: 0.033, memory: 25203, decode.loss_seg: 0.9699, decode.acc_seg: 66.7615, aux.loss_seg: 0.3888, aux.acc_seg: 66.2317, loss: 1.3588
2021-09-29 01:48:27,022 - mmseg - INFO - Iter [3700/160000]	lr: 9.794e-03, eta: 1 day, 1:07:41, time: 0.561, data_time: 0.130, memory: 25203, decode.loss_seg: 1.0095, decode.acc_seg: 64.0911, aux.loss_seg: 0.4029, aux.acc_seg: 64.2105, loss: 1.4123
2021-09-29 01:48:56,063 - mmseg - INFO - Iter [3750/160000]	lr: 9.791e-03, eta: 1 day, 1:07:16, time: 0.581, data_time: 0.118, memory: 25203, decode.loss_seg: 1.0249, decode.acc_seg: 63.3592, aux.loss_seg: 0.4057, aux.acc_seg: 63.7543, loss: 1.4306
2021-09-29 01:49:55,204 - mmseg - INFO - Iter [3800/160000]	lr: 9.788e-03, eta: 1 day, 1:27:29, time: 1.183, data_time: 0.501, memory: 25203, decode.loss_seg: 1.0096, decode.acc_seg: 62.6400, aux.loss_seg: 0.3996, aux.acc_seg: 63.2516, loss: 1.4092
2021-09-29 01:50:15,797 - mmseg - INFO - Iter [3850/160000]	lr: 9.785e-03, eta: 1 day, 1:21:05, time: 0.412, data_time: 0.014, memory: 25203, decode.loss_seg: 0.9251, decode.acc_seg: 69.1287, aux.loss_seg: 0.3615, aux.acc_seg: 69.8629, loss: 1.2865
2021-09-29 01:50:37,704 - mmseg - INFO - Iter [3900/160000]	lr: 9.783e-03, eta: 1 day, 1:15:41, time: 0.437, data_time: 0.079, memory: 25203, decode.loss_seg: 0.8613, decode.acc_seg: 67.7990, aux.loss_seg: 0.3390, aux.acc_seg: 68.3948, loss: 1.2003
2021-09-29 01:51:12,905 - mmseg - INFO - Iter [3950/160000]	lr: 9.780e-03, eta: 1 day, 1:19:13, time: 0.705, data_time: 0.196, memory: 25203, decode.loss_seg: 0.9560, decode.acc_seg: 65.1825, aux.loss_seg: 0.3787, aux.acc_seg: 65.3400, loss: 1.3348
2021-09-29 01:51:36,386 - mmseg - INFO - Exp name: fcn_unet_s8-d128-c32_enc-dilation-22222222_dec-dilation-2222222_512x1024_160k_cityscapes.py
2021-09-29 01:51:36,388 - mmseg - INFO - Iter [4000/160000]	lr: 9.777e-03, eta: 1 day, 1:15:01, time: 0.470, data_time: 0.046, memory: 25203, decode.loss_seg: 0.9137, decode.acc_seg: 65.4716, aux.loss_seg: 0.3592, aux.acc_seg: 66.4656, loss: 1.2729
2021-09-29 01:52:04,523 - mmseg - INFO - Iter [4050/160000]	lr: 9.774e-03, eta: 1 day, 1:13:51, time: 0.562, data_time: 0.091, memory: 25203, decode.loss_seg: 0.9249, decode.acc_seg: 68.4448, aux.loss_seg: 0.3609, aux.acc_seg: 69.2695, loss: 1.2858
2021-09-29 01:52:35,609 - mmseg - INFO - Iter [4100/160000]	lr: 9.771e-03, eta: 1 day, 1:14:38, time: 0.623, data_time: 0.163, memory: 25203, decode.loss_seg: 1.0248, decode.acc_seg: 61.6333, aux.loss_seg: 0.4015, aux.acc_seg: 62.5521, loss: 1.4262
2021-09-29 01:53:02,108 - mmseg - INFO - Iter [4150/160000]	lr: 9.769e-03, eta: 1 day, 1:12:30, time: 0.530, data_time: 0.135, memory: 25203, decode.loss_seg: 0.9636, decode.acc_seg: 65.2809, aux.loss_seg: 0.3758, aux.acc_seg: 66.3320, loss: 1.3393
2021-09-29 01:53:32,890 - mmseg - INFO - Iter [4200/160000]	lr: 9.766e-03, eta: 1 day, 1:13:02, time: 0.616, data_time: 0.220, memory: 25203, decode.loss_seg: 1.0085, decode.acc_seg: 64.3379, aux.loss_seg: 0.3957, aux.acc_seg: 65.0499, loss: 1.4042
2021-09-29 01:53:54,631 - mmseg - INFO - Iter [4250/160000]	lr: 9.763e-03, eta: 1 day, 1:08:01, time: 0.434, data_time: 0.018, memory: 25203, decode.loss_seg: 0.8721, decode.acc_seg: 68.9026, aux.loss_seg: 0.3472, aux.acc_seg: 69.2970, loss: 1.2193
2021-09-29 01:54:22,031 - mmseg - INFO - Iter [4300/160000]	lr: 9.760e-03, eta: 1 day, 1:06:33, time: 0.548, data_time: 0.042, memory: 25203, decode.loss_seg: 0.8563, decode.acc_seg: 68.7506, aux.loss_seg: 0.3399, aux.acc_seg: 68.9554, loss: 1.1962
2021-09-29 01:54:48,106 - mmseg - INFO - Iter [4350/160000]	lr: 9.757e-03, eta: 1 day, 1:04:19, time: 0.522, data_time: 0.011, memory: 25203, decode.loss_seg: 0.8791, decode.acc_seg: 68.2432, aux.loss_seg: 0.3482, aux.acc_seg: 68.9082, loss: 1.2274
2021-09-29 01:55:14,986 - mmseg - INFO - Iter [4400/160000]	lr: 9.755e-03, eta: 1 day, 1:02:30, time: 0.535, data_time: 0.054, memory: 25203, decode.loss_seg: 1.0100, decode.acc_seg: 64.5159, aux.loss_seg: 0.3988, aux.acc_seg: 65.3606, loss: 1.4088
2021-09-29 01:55:49,868 - mmseg - INFO - Iter [4450/160000]	lr: 9.752e-03, eta: 1 day, 1:05:33, time: 0.700, data_time: 0.218, memory: 25203, decode.loss_seg: 1.0702, decode.acc_seg: 63.3050, aux.loss_seg: 0.4210, aux.acc_seg: 63.9819, loss: 1.4912
2021-09-29 01:56:09,506 - mmseg - INFO - Iter [4500/160000]	lr: 9.749e-03, eta: 1 day, 0:59:39, time: 0.393, data_time: 0.029, memory: 25203, decode.loss_seg: 0.9610, decode.acc_seg: 67.2272, aux.loss_seg: 0.3903, aux.acc_seg: 67.4733, loss: 1.3513
2021-09-29 01:56:42,315 - mmseg - INFO - Iter [4550/160000]	lr: 9.746e-03, eta: 1 day, 1:01:18, time: 0.653, data_time: 0.108, memory: 25203, decode.loss_seg: 0.9756, decode.acc_seg: 67.3926, aux.loss_seg: 0.3870, aux.acc_seg: 67.4853, loss: 1.3627
2021-09-29 01:57:10,615 - mmseg - INFO - Iter [4600/160000]	lr: 9.744e-03, eta: 1 day, 0:59:54, time: 0.547, data_time: 0.090, memory: 25203, decode.loss_seg: 0.8820, decode.acc_seg: 67.1577, aux.loss_seg: 0.3522, aux.acc_seg: 67.6743, loss: 1.2342
2021-09-29 01:57:39,376 - mmseg - INFO - Iter [4650/160000]	lr: 9.741e-03, eta: 1 day, 0:59:54, time: 0.597, data_time: 0.177, memory: 25203, decode.loss_seg: 0.9000, decode.acc_seg: 67.5196, aux.loss_seg: 0.3572, aux.acc_seg: 68.1606, loss: 1.2572
2021-09-29 01:58:21,878 - mmseg - INFO - Iter [4700/160000]	lr: 9.738e-03, eta: 1 day, 1:06:47, time: 0.847, data_time: 0.288, memory: 25203, decode.loss_seg: 1.0061, decode.acc_seg: 66.4806, aux.loss_seg: 0.3999, aux.acc_seg: 66.9894, loss: 1.4061
2021-09-29 01:58:54,348 - mmseg - INFO - Iter [4750/160000]	lr: 9.735e-03, eta: 1 day, 1:08:13, time: 0.652, data_time: 0.224, memory: 25203, decode.loss_seg: 0.8884, decode.acc_seg: 69.6589, aux.loss_seg: 0.3494, aux.acc_seg: 70.1540, loss: 1.2378
2021-09-29 01:59:16,742 - mmseg - INFO - Iter [4800/160000]	lr: 9.732e-03, eta: 1 day, 1:04:05, time: 0.448, data_time: 0.081, memory: 25203, decode.loss_seg: 0.9687, decode.acc_seg: 64.6413, aux.loss_seg: 0.3820, aux.acc_seg: 65.0696, loss: 1.3507
2021-09-29 01:59:44,862 - mmseg - INFO - Iter [4850/160000]	lr: 9.730e-03, eta: 1 day, 1:03:06, time: 0.562, data_time: 0.127, memory: 25203, decode.loss_seg: 0.9343, decode.acc_seg: 68.0208, aux.loss_seg: 0.3694, aux.acc_seg: 68.2334, loss: 1.3038
2021-09-29 02:00:25,296 - mmseg - INFO - Iter [4900/160000]	lr: 9.727e-03, eta: 1 day, 1:08:36, time: 0.809, data_time: 0.180, memory: 25203, decode.loss_seg: 0.9929, decode.acc_seg: 65.7181, aux.loss_seg: 0.3905, aux.acc_seg: 65.9281, loss: 1.3834
2021-09-29 02:00:48,858 - mmseg - INFO - Iter [4950/160000]	lr: 9.724e-03, eta: 1 day, 1:05:02, time: 0.465, data_time: 0.032, memory: 25203, decode.loss_seg: 0.8827, decode.acc_seg: 68.4645, aux.loss_seg: 0.3472, aux.acc_seg: 68.9351, loss: 1.2299
2021-09-29 02:01:12,979 - mmseg - INFO - Exp name: fcn_unet_s8-d128-c32_enc-dilation-22222222_dec-dilation-2222222_512x1024_160k_cityscapes.py
2021-09-29 02:01:13,035 - mmseg - INFO - Iter [5000/160000]	lr: 9.721e-03, eta: 1 day, 1:02:07, time: 0.488, data_time: 0.032, memory: 25203, decode.loss_seg: 0.8886, decode.acc_seg: 69.3238, aux.loss_seg: 0.3516, aux.acc_seg: 69.7940, loss: 1.2401
2021-09-29 02:01:46,049 - mmseg - INFO - Iter [5050/160000]	lr: 9.718e-03, eta: 1 day, 1:03:41, time: 0.661, data_time: 0.200, memory: 25203, decode.loss_seg: 0.9894, decode.acc_seg: 66.0212, aux.loss_seg: 0.3868, aux.acc_seg: 67.1085, loss: 1.3762
2021-09-29 02:02:16,662 - mmseg - INFO - Iter [5100/160000]	lr: 9.716e-03, eta: 1 day, 1:03:57, time: 0.612, data_time: 0.186, memory: 25203, decode.loss_seg: 1.0516, decode.acc_seg: 64.7828, aux.loss_seg: 0.4109, aux.acc_seg: 64.9981, loss: 1.4625
2021-09-29 02:02:44,077 - mmseg - INFO - Iter [5150/160000]	lr: 9.713e-03, eta: 1 day, 1:02:34, time: 0.547, data_time: 0.108, memory: 25203, decode.loss_seg: 0.9163, decode.acc_seg: 67.7008, aux.loss_seg: 0.3630, aux.acc_seg: 67.4309, loss: 1.2793
2021-09-29 02:03:19,476 - mmseg - INFO - Iter [5200/160000]	lr: 9.710e-03, eta: 1 day, 1:05:14, time: 0.709, data_time: 0.177, memory: 25203, decode.loss_seg: 0.9390, decode.acc_seg: 68.4522, aux.loss_seg: 0.3725, aux.acc_seg: 68.7958, loss: 1.3115
2021-09-29 02:03:39,012 - mmseg - INFO - Iter [5250/160000]	lr: 9.707e-03, eta: 1 day, 1:00:00, time: 0.391, data_time: 0.023, memory: 25203, decode.loss_seg: 0.7927, decode.acc_seg: 72.4738, aux.loss_seg: 0.3156, aux.acc_seg: 72.7339, loss: 1.1083
2021-09-29 02:04:09,544 - mmseg - INFO - Iter [5300/160000]	lr: 9.704e-03, eta: 1 day, 1:00:12, time: 0.609, data_time: 0.137, memory: 25203, decode.loss_seg: 0.9269, decode.acc_seg: 68.6135, aux.loss_seg: 0.3626, aux.acc_seg: 69.1800, loss: 1.2895
2021-09-29 02:04:41,071 - mmseg - INFO - Iter [5350/160000]	lr: 9.702e-03, eta: 1 day, 1:00:55, time: 0.632, data_time: 0.175, memory: 25203, decode.loss_seg: 0.9767, decode.acc_seg: 67.0138, aux.loss_seg: 0.3791, aux.acc_seg: 67.5283, loss: 1.3559
2021-09-29 02:05:08,391 - mmseg - INFO - Iter [5400/160000]	lr: 9.699e-03, eta: 1 day, 0:59:35, time: 0.546, data_time: 0.040, memory: 25203, decode.loss_seg: 0.8915, decode.acc_seg: 69.5537, aux.loss_seg: 0.3498, aux.acc_seg: 69.7441, loss: 1.2413
2021-09-29 02:05:40,844 - mmseg - INFO - Iter [5450/160000]	lr: 9.696e-03, eta: 1 day, 1:00:38, time: 0.647, data_time: 0.202, memory: 25203, decode.loss_seg: 0.8557, decode.acc_seg: 69.7026, aux.loss_seg: 0.3346, aux.acc_seg: 70.4774, loss: 1.1903
2021-09-29 02:06:06,289 - mmseg - INFO - Iter [5500/160000]	lr: 9.693e-03, eta: 1 day, 0:58:28, time: 0.511, data_time: 0.025, memory: 25203, decode.loss_seg: 0.8047, decode.acc_seg: 70.7213, aux.loss_seg: 0.3193, aux.acc_seg: 71.3645, loss: 1.1240
2021-09-29 02:06:48,513 - mmseg - INFO - Iter [5550/160000]	lr: 9.690e-03, eta: 1 day, 1:03:59, time: 0.841, data_time: 0.276, memory: 25203, decode.loss_seg: 0.8563, decode.acc_seg: 69.2381, aux.loss_seg: 0.3401, aux.acc_seg: 69.7131, loss: 1.1964
2021-09-29 02:07:10,332 - mmseg - INFO - Iter [5600/160000]	lr: 9.688e-03, eta: 1 day, 1:00:09, time: 0.438, data_time: 0.066, memory: 25203, decode.loss_seg: 0.7842, decode.acc_seg: 71.1555, aux.loss_seg: 0.3084, aux.acc_seg: 71.2949, loss: 1.0925
2021-09-29 02:07:44,423 - mmseg - INFO - Iter [5650/160000]	lr: 9.685e-03, eta: 1 day, 1:01:57, time: 0.683, data_time: 0.153, memory: 25203, decode.loss_seg: 0.9300, decode.acc_seg: 68.1069, aux.loss_seg: 0.3678, aux.acc_seg: 68.3722, loss: 1.2978
2021-09-29 02:08:16,052 - mmseg - INFO - Iter [5700/160000]	lr: 9.682e-03, eta: 1 day, 1:02:33, time: 0.633, data_time: 0.156, memory: 25203, decode.loss_seg: 0.8756, decode.acc_seg: 68.7920, aux.loss_seg: 0.3469, aux.acc_seg: 69.3614, loss: 1.2226
2021-09-29 02:08:46,297 - mmseg - INFO - Iter [5750/160000]	lr: 9.679e-03, eta: 1 day, 1:02:32, time: 0.605, data_time: 0.160, memory: 25203, decode.loss_seg: 0.8717, decode.acc_seg: 68.2097, aux.loss_seg: 0.3469, aux.acc_seg: 68.5360, loss: 1.2186
2021-09-29 02:09:24,260 - mmseg - INFO - Iter [5800/160000]	lr: 9.676e-03, eta: 1 day, 1:05:55, time: 0.759, data_time: 0.294, memory: 25203, decode.loss_seg: 0.8619, decode.acc_seg: 68.0668, aux.loss_seg: 0.3440, aux.acc_seg: 68.3340, loss: 1.2059
2021-09-29 02:09:53,576 - mmseg - INFO - Iter [5850/160000]	lr: 9.674e-03, eta: 1 day, 1:05:26, time: 0.586, data_time: 0.053, memory: 25203, decode.loss_seg: 0.8912, decode.acc_seg: 69.6969, aux.loss_seg: 0.3461, aux.acc_seg: 69.7062, loss: 1.2373
